{"/home/travis/build/npmtest/node-npmtest-baucis/test.js":{"path":"/home/travis/build/npmtest/node-npmtest-baucis/test.js","s":{"1":2,"2":2,"3":2,"4":2,"5":2,"6":2,"7":2,"8":1,"9":2,"10":2,"11":1,"12":1,"13":1,"14":1,"15":2,"16":2,"17":2,"18":2,"19":1,"20":1,"21":2,"22":2,"23":2,"24":1,"25":1,"26":1,"27":1,"28":1,"29":1,"30":1,"31":1,"32":1,"33":1,"34":1,"35":1,"36":1,"37":1,"38":1,"39":2,"40":2,"41":1,"42":2,"43":2,"44":1,"45":2,"46":2,"47":1,"48":2,"49":2,"50":1,"51":1,"52":1,"53":1,"54":1},"b":{"1":[2,1,1,1],"2":[1,1,1,1],"3":[1,1],"4":[1,1],"5":[1,1],"6":[1,1],"7":[1,1],"8":[1,1],"9":[1,1],"10":[1,1,1],"11":[1,1],"12":[1,1],"13":[1,1],"14":[1,1],"15":[1,1],"16":[1,1],"17":[1,1]},"f":{"1":2,"2":2,"3":2,"4":2,"5":2,"6":1,"7":1,"8":1,"9":2,"10":2,"11":2,"12":2,"13":1},"fnMap":{"1":{"name":"(anonymous_1)","line":12,"loc":{"start":{"line":12,"column":1},"end":{"line":12,"column":13}}},"2":{"name":"(anonymous_2)","line":19,"loc":{"start":{"line":19,"column":5},"end":{"line":19,"column":17}}},"3":{"name":"(anonymous_3)","line":23,"loc":{"start":{"line":23,"column":24},"end":{"line":23,"column":36}}},"4":{"name":"(anonymous_4)","line":61,"loc":{"start":{"line":61,"column":5},"end":{"line":61,"column":17}}},"5":{"name":"(anonymous_5)","line":82,"loc":{"start":{"line":82,"column":5},"end":{"line":82,"column":17}}},"6":{"name":"(anonymous_6)","line":91,"loc":{"start":{"line":91,"column":77},"end":{"line":94,"column":10}}},"7":{"name":"(anonymous_7)","line":112,"loc":{"start":{"line":112,"column":83},"end":{"line":115,"column":10}},"skip":true},"8":{"name":"(anonymous_8)","line":123,"loc":{"start":{"line":123,"column":77},"end":{"line":126,"column":10}},"skip":true},"9":{"name":"(anonymous_9)","line":139,"loc":{"start":{"line":139,"column":12},"end":{"line":139,"column":40}},"skip":true},"10":{"name":"(anonymous_10)","line":147,"loc":{"start":{"line":147,"column":77},"end":{"line":150,"column":10}},"skip":true},"11":{"name":"(anonymous_11)","line":158,"loc":{"start":{"line":158,"column":83},"end":{"line":161,"column":10}},"skip":true},"12":{"name":"(anonymous_12)","line":169,"loc":{"start":{"line":169,"column":79},"end":{"line":172,"column":10}},"skip":true},"13":{"name":"(anonymous_13)","line":180,"loc":{"start":{"line":180,"column":75},"end":{"line":183,"column":10}},"skip":true}},"statementMap":{"1":{"start":{"line":12,"column":0},"end":{"line":195,"column":5}},"2":{"start":{"line":14,"column":4},"end":{"line":14,"column":14}},"3":{"start":{"line":19,"column":4},"end":{"line":56,"column":9}},"4":{"start":{"line":21,"column":8},"end":{"line":21,"column":19}},"5":{"start":{"line":23,"column":8},"end":{"line":35,"column":13}},"6":{"start":{"line":24,"column":12},"end":{"line":34,"column":13}},"7":{"start":{"line":25,"column":16},"end":{"line":28,"column":30}},"8":{"start":{"line":30,"column":16},"end":{"line":33,"column":27}},"9":{"start":{"line":37,"column":8},"end":{"line":39,"column":21}},"10":{"start":{"line":40,"column":8},"end":{"line":53,"column":9}},"11":{"start":{"line":43,"column":12},"end":{"line":46,"column":14}},"12":{"start":{"line":47,"column":12},"end":{"line":47,"column":18}},"13":{"start":{"line":50,"column":12},"end":{"line":51,"column":33}},"14":{"start":{"line":52,"column":12},"end":{"line":52,"column":18}},"15":{"start":{"line":55,"column":8},"end":{"line":55,"column":35}},"16":{"start":{"line":61,"column":4},"end":{"line":63,"column":9}},"17":{"start":{"line":62,"column":8},"end":{"line":62,"column":15}},"18":{"start":{"line":64,"column":4},"end":{"line":77,"column":5}},"19":{"start":{"line":70,"column":8},"end":{"line":70,"column":14}},"20":{"start":{"line":76,"column":8},"end":{"line":76,"column":14}},"21":{"start":{"line":82,"column":4},"end":{"line":84,"column":9}},"22":{"start":{"line":83,"column":8},"end":{"line":83,"column":15}},"23":{"start":{"line":85,"column":4},"end":{"line":194,"column":5}},"24":{"start":{"line":91,"column":8},"end":{"line":99,"column":10}},"25":{"start":{"line":98,"column":12},"end":{"line":98,"column":35}},"26":{"start":{"line":102,"column":8},"end":{"line":104,"column":63}},"27":{"start":{"line":105,"column":8},"end":{"line":105,"column":14}},"28":{"start":{"line":112,"column":8},"end":{"line":121,"column":10},"skip":true},"29":{"start":{"line":119,"column":12},"end":{"line":119,"column":55},"skip":true},"30":{"start":{"line":120,"column":12},"end":{"line":120,"column":48},"skip":true},"31":{"start":{"line":123,"column":8},"end":{"line":136,"column":10},"skip":true},"32":{"start":{"line":130,"column":12},"end":{"line":130,"column":76},"skip":true},"33":{"start":{"line":131,"column":12},"end":{"line":131,"column":73},"skip":true},"34":{"start":{"line":132,"column":12},"end":{"line":132,"column":74},"skip":true},"35":{"start":{"line":133,"column":12},"end":{"line":133,"column":79},"skip":true},"36":{"start":{"line":134,"column":12},"end":{"line":134,"column":25},"skip":true},"37":{"start":{"line":135,"column":12},"end":{"line":135,"column":45},"skip":true},"38":{"start":{"line":138,"column":8},"end":{"line":145,"column":14},"skip":true},"39":{"start":{"line":143,"column":16},"end":{"line":143,"column":29},"skip":true},"40":{"start":{"line":144,"column":16},"end":{"line":144,"column":55},"skip":true},"41":{"start":{"line":147,"column":8},"end":{"line":156,"column":10},"skip":true},"42":{"start":{"line":154,"column":12},"end":{"line":154,"column":25},"skip":true},"43":{"start":{"line":155,"column":12},"end":{"line":155,"column":45},"skip":true},"44":{"start":{"line":158,"column":8},"end":{"line":167,"column":10},"skip":true},"45":{"start":{"line":165,"column":12},"end":{"line":165,"column":25},"skip":true},"46":{"start":{"line":166,"column":12},"end":{"line":166,"column":48},"skip":true},"47":{"start":{"line":169,"column":8},"end":{"line":178,"column":10},"skip":true},"48":{"start":{"line":176,"column":12},"end":{"line":176,"column":25},"skip":true},"49":{"start":{"line":177,"column":12},"end":{"line":177,"column":46},"skip":true},"50":{"start":{"line":180,"column":8},"end":{"line":189,"column":10},"skip":true},"51":{"start":{"line":187,"column":12},"end":{"line":187,"column":94},"skip":true},"52":{"start":{"line":188,"column":12},"end":{"line":188,"column":48},"skip":true},"53":{"start":{"line":192,"column":8},"end":{"line":192,"column":35},"skip":true},"54":{"start":{"line":193,"column":8},"end":{"line":193,"column":14},"skip":true}},"branchMap":{"1":{"line":25,"type":"binary-expr","locations":[{"start":{"line":25,"column":23},"end":{"line":25,"column":62}},{"start":{"line":26,"column":20},"end":{"line":26,"column":70}},{"start":{"line":27,"column":20},"end":{"line":27,"column":71}},{"start":{"line":28,"column":20},"end":{"line":28,"column":29}}]},"2":{"line":30,"type":"binary-expr","locations":[{"start":{"line":30,"column":23},"end":{"line":30,"column":37}},{"start":{"line":31,"column":20},"end":{"line":31,"column":61}},{"start":{"line":32,"column":20},"end":{"line":32,"column":70}},{"start":{"line":33,"column":20},"end":{"line":33,"column":26}}]},"3":{"line":37,"type":"cond-expr","locations":[{"start":{"line":38,"column":14},"end":{"line":38,"column":20}},{"start":{"line":39,"column":14},"end":{"line":39,"column":20}}]},"4":{"line":40,"type":"switch","locations":[{"start":{"line":42,"column":8},"end":{"line":47,"column":18}},{"start":{"line":49,"column":8},"end":{"line":52,"column":18}}]},"5":{"line":44,"type":"binary-expr","locations":[{"start":{"line":44,"column":16},"end":{"line":44,"column":44}},{"start":{"line":44,"column":48},"end":{"line":44,"column":66}}]},"6":{"line":50,"type":"binary-expr","locations":[{"start":{"line":50,"column":21},"end":{"line":50,"column":49}},{"start":{"line":50,"column":53},"end":{"line":50,"column":72}}]},"7":{"line":64,"type":"switch","locations":[{"start":{"line":69,"column":4},"end":{"line":70,"column":14}},{"start":{"line":75,"column":4},"end":{"line":76,"column":14}}]},"8":{"line":85,"type":"switch","locations":[{"start":{"line":90,"column":4},"end":{"line":105,"column":14}},{"start":{"line":111,"column":4},"end":{"line":193,"column":14},"skip":true}]},"9":{"line":91,"type":"binary-expr","locations":[{"start":{"line":91,"column":42},"end":{"line":91,"column":73}},{"start":{"line":91,"column":77},"end":{"line":99,"column":9}}]},"10":{"line":102,"type":"binary-expr","locations":[{"start":{"line":102,"column":18},"end":{"line":102,"column":32}},{"start":{"line":103,"column":12},"end":{"line":103,"column":53}},{"start":{"line":104,"column":12},"end":{"line":104,"column":61}}]},"11":{"line":112,"type":"binary-expr","locations":[{"start":{"line":112,"column":45},"end":{"line":112,"column":79},"skip":true},{"start":{"line":112,"column":83},"end":{"line":121,"column":9},"skip":true}]},"12":{"line":123,"type":"binary-expr","locations":[{"start":{"line":123,"column":42},"end":{"line":123,"column":73},"skip":true},{"start":{"line":123,"column":77},"end":{"line":136,"column":9},"skip":true}]},"13":{"line":138,"type":"binary-expr","locations":[{"start":{"line":138,"column":48},"end":{"line":138,"column":85},"skip":true},{"start":{"line":139,"column":12},"end":{"line":145,"column":13},"skip":true}]},"14":{"line":147,"type":"binary-expr","locations":[{"start":{"line":147,"column":42},"end":{"line":147,"column":73},"skip":true},{"start":{"line":147,"column":77},"end":{"line":156,"column":9},"skip":true}]},"15":{"line":158,"type":"binary-expr","locations":[{"start":{"line":158,"column":45},"end":{"line":158,"column":79},"skip":true},{"start":{"line":158,"column":83},"end":{"line":167,"column":9},"skip":true}]},"16":{"line":169,"type":"binary-expr","locations":[{"start":{"line":169,"column":43},"end":{"line":169,"column":75},"skip":true},{"start":{"line":169,"column":79},"end":{"line":178,"column":9},"skip":true}]},"17":{"line":180,"type":"binary-expr","locations":[{"start":{"line":180,"column":41},"end":{"line":180,"column":71},"skip":true},{"start":{"line":180,"column":75},"end":{"line":189,"column":9},"skip":true}]}},"code":["/* istanbul instrument in package npmtest_baucis */","/*jslint","    bitwise: true,","    browser: true,","    maxerr: 8,","    maxlen: 96,","    node: true,","    nomen: true,","    regexp: true,","    stupid: true","*/","(function () {","    'use strict';","    var local;","","","","    // run shared js-env code - pre-init","    (function () {","        // init local","        local = {};","        // init modeJs","        local.modeJs = (function () {","            try {","                return typeof navigator.userAgent === 'string' &&","                    typeof document.querySelector('body') === 'object' &&","                    typeof XMLHttpRequest.prototype.open === 'function' &&","                    'browser';","            } catch (errorCaughtBrowser) {","                return module.exports &&","                    typeof process.versions.node === 'string' &&","                    typeof require('http').createServer === 'function' &&","                    'node';","            }","        }());","        // init global","        local.global = local.modeJs === 'browser'","            ? window","            : global;","        switch (local.modeJs) {","        // re-init local from window.local","        case 'browser':","            local = local.global.utility2.objectSetDefault(","                local.global.utility2_rollup || local.global.local,","                local.global.utility2","            );","            break;","        // re-init local from example.js","        case 'node':","            local = (local.global.utility2_rollup || require('utility2'))","                .requireReadme();","            break;","        }","        // export local","        local.global.local = local;","    }());","","","","    // run shared js-env code - function","    (function () {","        return;","    }());","    switch (local.modeJs) {","","","","    // run browser js-env code - function","    case 'browser':","        break;","","","","    // run node js-env code - function","    case 'node':","        break;","    }","","","","    // run shared js-env code - post-init","    (function () {","        return;","    }());","    switch (local.modeJs) {","","","","    // run browser js-env code - post-init","    case 'browser':","        local.testCase_browser_nullCase = local.testCase_browser_nullCase || function (","            options,","            onError","        ) {","        /*","         * this function will test browsers's null-case handling-behavior-behavior","         */","            onError(null, options);","        };","","        // run tests","        local.nop(local.modeTest &&","            document.querySelector('#testRunButton1') &&","            document.querySelector('#testRunButton1').click());","        break;","","","","    // run node js-env code - post-init","    /* istanbul ignore next */","    case 'node':","        local.testCase_buildApidoc_default = local.testCase_buildApidoc_default || function (","            options,","            onError","        ) {","        /*","         * this function will test buildApidoc's default handling-behavior-behavior","         */","            options = { modulePathList: module.paths };","            local.buildApidoc(options, onError);","        };","","        local.testCase_buildApp_default = local.testCase_buildApp_default || function (","            options,","            onError","        ) {","        /*","         * this function will test buildApp's default handling-behavior-behavior","         */","            local.testCase_buildReadme_default(options, local.onErrorThrow);","            local.testCase_buildLib_default(options, local.onErrorThrow);","            local.testCase_buildTest_default(options, local.onErrorThrow);","            local.testCase_buildCustomOrg_default(options, local.onErrorThrow);","            options = [];","            local.buildApp(options, onError);","        };","","        local.testCase_buildCustomOrg_default = local.testCase_buildCustomOrg_default ||","            function (options, onError) {","            /*","             * this function will test buildCustomOrg's default handling-behavior","             */","                options = {};","                local.buildCustomOrg(options, onError);","            };","","        local.testCase_buildLib_default = local.testCase_buildLib_default || function (","            options,","            onError","        ) {","        /*","         * this function will test buildLib's default handling-behavior","         */","            options = {};","            local.buildLib(options, onError);","        };","","        local.testCase_buildReadme_default = local.testCase_buildReadme_default || function (","            options,","            onError","        ) {","        /*","         * this function will test buildReadme's default handling-behavior-behavior","         */","            options = {};","            local.buildReadme(options, onError);","        };","","        local.testCase_buildTest_default = local.testCase_buildTest_default || function (","            options,","            onError","        ) {","        /*","         * this function will test buildTest's default handling-behavior","         */","            options = {};","            local.buildTest(options, onError);","        };","","        local.testCase_webpage_default = local.testCase_webpage_default || function (","            options,","            onError","        ) {","        /*","         * this function will test webpage's default handling-behavior","         */","            options = { modeCoverageMerge: true, url: local.serverLocalHost + '?modeTest=1' };","            local.browserTest(options, onError);","        };","","        // run test-server","        local.testRunServer(local);","        break;","    }","}());",""],"l":{"12":2,"14":2,"19":2,"21":2,"23":2,"24":2,"25":2,"30":1,"37":2,"40":2,"43":1,"47":1,"50":1,"52":1,"55":2,"61":2,"62":2,"64":2,"70":1,"76":1,"82":2,"83":2,"85":2,"91":1,"98":1,"102":1,"105":1,"112":1,"119":1,"120":1,"123":1,"130":1,"131":1,"132":1,"133":1,"134":1,"135":1,"138":1,"143":2,"144":2,"147":1,"154":2,"155":2,"158":1,"165":2,"166":2,"169":1,"176":2,"177":2,"180":1,"187":1,"188":1,"192":1,"193":1}},"/home/travis/build/npmtest/node-npmtest-baucis/lib.npmtest_baucis.js":{"path":"/home/travis/build/npmtest/node-npmtest-baucis/lib.npmtest_baucis.js","s":{"1":2,"2":2,"3":2,"4":2,"5":2,"6":2,"7":2,"8":1,"9":2,"10":2,"11":2,"12":2,"13":1,"14":1,"15":1,"16":1},"b":{"1":[2,1,1,1],"2":[1,1,1,1],"3":[1,1],"4":[2,2],"5":[1,1]},"f":{"1":2,"2":2,"3":2},"fnMap":{"1":{"name":"(anonymous_1)","line":12,"loc":{"start":{"line":12,"column":1},"end":{"line":12,"column":13}}},"2":{"name":"(anonymous_2)","line":19,"loc":{"start":{"line":19,"column":5},"end":{"line":19,"column":17}}},"3":{"name":"(anonymous_3)","line":23,"loc":{"start":{"line":23,"column":24},"end":{"line":23,"column":36}}}},"statementMap":{"1":{"start":{"line":12,"column":0},"end":{"line":53,"column":5}},"2":{"start":{"line":14,"column":4},"end":{"line":14,"column":14}},"3":{"start":{"line":19,"column":4},"end":{"line":52,"column":9}},"4":{"start":{"line":21,"column":8},"end":{"line":21,"column":19}},"5":{"start":{"line":23,"column":8},"end":{"line":35,"column":13}},"6":{"start":{"line":24,"column":12},"end":{"line":34,"column":13}},"7":{"start":{"line":25,"column":16},"end":{"line":28,"column":30}},"8":{"start":{"line":30,"column":16},"end":{"line":33,"column":27}},"9":{"start":{"line":37,"column":8},"end":{"line":39,"column":21}},"10":{"start":{"line":41,"column":8},"end":{"line":41,"column":54}},"11":{"start":{"line":43,"column":8},"end":{"line":43,"column":51}},"12":{"start":{"line":45,"column":8},"end":{"line":51,"column":9}},"13":{"start":{"line":46,"column":12},"end":{"line":46,"column":57}},"14":{"start":{"line":48,"column":12},"end":{"line":48,"column":35}},"15":{"start":{"line":49,"column":12},"end":{"line":49,"column":49}},"16":{"start":{"line":50,"column":12},"end":{"line":50,"column":43}}},"branchMap":{"1":{"line":25,"type":"binary-expr","locations":[{"start":{"line":25,"column":23},"end":{"line":25,"column":62}},{"start":{"line":26,"column":20},"end":{"line":26,"column":70}},{"start":{"line":27,"column":20},"end":{"line":27,"column":71}},{"start":{"line":28,"column":20},"end":{"line":28,"column":29}}]},"2":{"line":30,"type":"binary-expr","locations":[{"start":{"line":30,"column":23},"end":{"line":30,"column":37}},{"start":{"line":31,"column":20},"end":{"line":31,"column":61}},{"start":{"line":32,"column":20},"end":{"line":32,"column":70}},{"start":{"line":33,"column":20},"end":{"line":33,"column":26}}]},"3":{"line":37,"type":"cond-expr","locations":[{"start":{"line":38,"column":14},"end":{"line":38,"column":20}},{"start":{"line":39,"column":14},"end":{"line":39,"column":20}}]},"4":{"line":41,"type":"binary-expr","locations":[{"start":{"line":41,"column":16},"end":{"line":41,"column":44}},{"start":{"line":41,"column":48},"end":{"line":41,"column":53}}]},"5":{"line":45,"type":"if","locations":[{"start":{"line":45,"column":8},"end":{"line":45,"column":8}},{"start":{"line":45,"column":8},"end":{"line":45,"column":8}}]}},"code":["/* istanbul instrument in package npmtest_baucis */","/*jslint","    bitwise: true,","    browser: true,","    maxerr: 8,","    maxlen: 96,","    node: true,","    nomen: true,","    regexp: true,","    stupid: true","*/","(function () {","    'use strict';","    var local;","","","","    // run shared js-env code - pre-init","    (function () {","        // init local","        local = {};","        // init modeJs","        local.modeJs = (function () {","            try {","                return typeof navigator.userAgent === 'string' &&","                    typeof document.querySelector('body') === 'object' &&","                    typeof XMLHttpRequest.prototype.open === 'function' &&","                    'browser';","            } catch (errorCaughtBrowser) {","                return module.exports &&","                    typeof process.versions.node === 'string' &&","                    typeof require('http').createServer === 'function' &&","                    'node';","            }","        }());","        // init global","        local.global = local.modeJs === 'browser'","            ? window","            : global;","        // init utility2_rollup","        local = local.global.utility2_rollup || local;","        // init lib","        local.local = local.npmtest_baucis = local;","        // init exports","        if (local.modeJs === 'browser') {","            local.global.utility2_npmtest_baucis = local;","        } else {","            module.exports = local;","            module.exports.__dirname = __dirname;","            module.exports.module = module;","        }","    }());","}());",""],"l":{"12":2,"14":2,"19":2,"21":2,"23":2,"24":2,"25":2,"30":1,"37":2,"41":2,"43":2,"45":2,"46":1,"48":1,"49":1,"50":1}},"/home/travis/build/npmtest/node-npmtest-baucis/example.js":{"path":"/home/travis/build/npmtest/node-npmtest-baucis/example.js","s":{"1":2,"2":2,"3":2,"4":2,"5":2,"6":2,"7":2,"8":1,"9":2,"10":2,"11":2,"12":2,"13":1,"14":2,"15":2,"16":2,"17":2,"18":2,"19":0,"20":2,"21":1,"22":1,"23":1,"24":1,"25":1,"26":0,"27":0,"28":1,"29":1,"30":2,"31":0,"32":0,"33":0,"34":1,"35":2,"36":2,"37":3,"38":3,"39":3,"40":3,"41":0,"42":3,"43":3,"44":3,"45":1,"46":3,"47":1,"48":1,"49":1,"50":1,"51":1,"52":1,"53":1,"54":1,"55":1,"56":1,"57":0,"58":1,"59":6,"60":6,"61":1,"62":2,"63":0,"64":2,"65":1,"66":1,"67":0,"68":0,"69":0,"70":0,"71":0,"72":0,"73":0,"74":0,"75":0,"76":0,"77":0,"78":0,"79":0,"80":0,"81":0,"82":0,"83":0},"b":{"1":[2,1,1,1],"2":[1,1,1,1],"3":[1,1],"4":[2,2],"5":[1,1],"6":[1,1],"7":[2,0],"8":[2,1,1,1,1,1],"9":[0,2,0],"10":[1,1],"11":[2,1,1],"12":[1,0],"13":[0,2],"14":[2,0,0,0,0,0,0],"15":[0,3],"16":[3,0],"17":[1,1],"18":[0,1],"19":[1,2,0,2],"20":[1,0],"21":[1,1],"22":[0,0],"23":[0,0],"24":[0,0],"25":[0,0],"26":[0,0],"27":[0,0],"28":[0,0]},"f":{"1":2,"2":2,"3":2,"4":2,"5":2,"6":2,"7":3,"8":3,"9":3,"10":1,"11":6,"12":0},"fnMap":{"1":{"name":"(anonymous_1)","line":26,"loc":{"start":{"line":26,"column":1},"end":{"line":26,"column":13}}},"2":{"name":"(anonymous_2)","line":33,"loc":{"start":{"line":33,"column":5},"end":{"line":33,"column":17}}},"3":{"name":"(anonymous_3)","line":37,"loc":{"start":{"line":37,"column":24},"end":{"line":37,"column":36}}},"4":{"name":"(anonymous_4)","line":69,"loc":{"start":{"line":69,"column":31},"end":{"line":69,"column":48}},"skip":true},"5":{"name":"(anonymous_5)","line":78,"loc":{"start":{"line":78,"column":26},"end":{"line":78,"column":45}},"skip":true},"6":{"name":"(anonymous_6)","line":123,"loc":{"start":{"line":123,"column":33},"end":{"line":123,"column":48}},"skip":true},"7":{"name":"(anonymous_7)","line":125,"loc":{"start":{"line":125,"column":27},"end":{"line":125,"column":39}},"skip":true},"8":{"name":"(anonymous_8)","line":133,"loc":{"start":{"line":133,"column":59},"end":{"line":133,"column":74}},"skip":true},"9":{"name":"(anonymous_9)","line":143,"loc":{"start":{"line":143,"column":45},"end":{"line":143,"column":62}},"skip":true},"10":{"name":"(anonymous_10)","line":144,"loc":{"start":{"line":144,"column":73},"end":{"line":144,"column":92}},"skip":true},"11":{"name":"(anonymous_11)","line":272,"loc":{"start":{"line":272,"column":51},"end":{"line":272,"column":77}},"skip":true},"12":{"name":"(anonymous_12)","line":315,"loc":{"start":{"line":315,"column":32},"end":{"line":315,"column":61}},"skip":true}},"statementMap":{"1":{"start":{"line":26,"column":0},"end":{"line":326,"column":5}},"2":{"start":{"line":28,"column":4},"end":{"line":28,"column":14}},"3":{"start":{"line":33,"column":4},"end":{"line":60,"column":9}},"4":{"start":{"line":35,"column":8},"end":{"line":35,"column":19}},"5":{"start":{"line":37,"column":8},"end":{"line":49,"column":13}},"6":{"start":{"line":38,"column":12},"end":{"line":48,"column":13}},"7":{"start":{"line":39,"column":16},"end":{"line":42,"column":30}},"8":{"start":{"line":44,"column":16},"end":{"line":47,"column":27}},"9":{"start":{"line":51,"column":8},"end":{"line":53,"column":21}},"10":{"start":{"line":55,"column":8},"end":{"line":57,"column":45}},"11":{"start":{"line":59,"column":8},"end":{"line":59,"column":35}},"12":{"start":{"line":61,"column":4},"end":{"line":325,"column":5}},"13":{"start":{"line":69,"column":8},"end":{"line":121,"column":10},"skip":true},"14":{"start":{"line":70,"column":12},"end":{"line":88,"column":13},"skip":true},"15":{"start":{"line":76,"column":16},"end":{"line":87,"column":19},"skip":true},"16":{"start":{"line":79,"column":20},"end":{"line":86,"column":21},"skip":true},"17":{"start":{"line":82,"column":24},"end":{"line":82,"column":43},"skip":true},"18":{"start":{"line":83,"column":24},"end":{"line":83,"column":30},"skip":true},"19":{"start":{"line":85,"column":24},"end":{"line":85,"column":49},"skip":true},"20":{"start":{"line":89,"column":12},"end":{"line":107,"column":13},"skip":true},"21":{"start":{"line":92,"column":16},"end":{"line":102,"column":17},"skip":true},"22":{"start":{"line":93,"column":20},"end":{"line":93,"column":86},"skip":true},"23":{"start":{"line":94,"column":20},"end":{"line":95,"column":45},"skip":true},"24":{"start":{"line":96,"column":20},"end":{"line":96,"column":42},"skip":true},"25":{"start":{"line":97,"column":20},"end":{"line":97,"column":48},"skip":true},"26":{"start":{"line":100,"column":20},"end":{"line":100,"column":85},"skip":true},"27":{"start":{"line":101,"column":20},"end":{"line":101,"column":96},"skip":true},"28":{"start":{"line":103,"column":16},"end":{"line":103,"column":22},"skip":true},"29":{"start":{"line":106,"column":16},"end":{"line":106,"column":22},"skip":true},"30":{"start":{"line":108,"column":12},"end":{"line":120,"column":13},"skip":true},"31":{"start":{"line":114,"column":16},"end":{"line":119,"column":17},"skip":true},"32":{"start":{"line":116,"column":20},"end":{"line":116,"column":78},"skip":true},"33":{"start":{"line":118,"column":20},"end":{"line":118,"column":47},"skip":true},"34":{"start":{"line":123,"column":8},"end":{"line":141,"column":11},"skip":true},"35":{"start":{"line":124,"column":12},"end":{"line":124,"column":54},"skip":true},"36":{"start":{"line":125,"column":12},"end":{"line":140,"column":14},"skip":true},"37":{"start":{"line":126,"column":16},"end":{"line":126,"column":28},"skip":true},"38":{"start":{"line":127,"column":16},"end":{"line":127,"column":69},"skip":true},"39":{"start":{"line":128,"column":16},"end":{"line":128,"column":75},"skip":true},"40":{"start":{"line":129,"column":16},"end":{"line":131,"column":17},"skip":true},"41":{"start":{"line":130,"column":20},"end":{"line":130,"column":27},"skip":true},"42":{"start":{"line":133,"column":16},"end":{"line":137,"column":36},"skip":true},"43":{"start":{"line":134,"column":20},"end":{"line":136,"column":55},"skip":true},"44":{"start":{"line":139,"column":16},"end":{"line":139,"column":57},"skip":true},"45":{"start":{"line":143,"column":8},"end":{"line":147,"column":11},"skip":true},"46":{"start":{"line":144,"column":12},"end":{"line":146,"column":15},"skip":true},"47":{"start":{"line":145,"column":16},"end":{"line":145,"column":70},"skip":true},"48":{"start":{"line":149,"column":8},"end":{"line":149,"column":31},"skip":true},"49":{"start":{"line":150,"column":8},"end":{"line":150,"column":14},"skip":true},"50":{"start":{"line":158,"column":8},"end":{"line":158,"column":31},"skip":true},"51":{"start":{"line":160,"column":8},"end":{"line":160,"column":33},"skip":true},"52":{"start":{"line":161,"column":8},"end":{"line":161,"column":37},"skip":true},"53":{"start":{"line":162,"column":8},"end":{"line":162,"column":35},"skip":true},"54":{"start":{"line":164,"column":8},"end":{"line":164,"column":50},"skip":true},"55":{"start":{"line":166,"column":8},"end":{"line":256,"column":2},"skip":true},"56":{"start":{"line":258,"column":8},"end":{"line":286,"column":9},"skip":true},"57":{"start":{"line":259,"column":12},"end":{"line":269,"column":14},"skip":true},"58":{"start":{"line":271,"column":12},"end":{"line":285,"column":19},"skip":true},"59":{"start":{"line":274,"column":20},"end":{"line":274,"column":35},"skip":true},"60":{"start":{"line":275,"column":20},"end":{"line":284,"column":21},"skip":true},"61":{"start":{"line":277,"column":24},"end":{"line":277,"column":64},"skip":true},"62":{"start":{"line":279,"column":24},"end":{"line":279,"column":40},"skip":true},"63":{"start":{"line":281,"column":24},"end":{"line":281,"column":40},"skip":true},"64":{"start":{"line":283,"column":24},"end":{"line":283,"column":39},"skip":true},"65":{"start":{"line":288,"column":8},"end":{"line":290,"column":9},"skip":true},"66":{"start":{"line":289,"column":12},"end":{"line":289,"column":18},"skip":true},"67":{"start":{"line":291,"column":8},"end":{"line":293,"column":54},"skip":true},"68":{"start":{"line":296,"column":8},"end":{"line":301,"column":37},"skip":true},"69":{"start":{"line":303,"column":8},"end":{"line":303,"column":82},"skip":true},"70":{"start":{"line":306,"column":8},"end":{"line":308,"column":9},"skip":true},"71":{"start":{"line":307,"column":12},"end":{"line":307,"column":82},"skip":true},"72":{"start":{"line":310,"column":8},"end":{"line":312,"column":9},"skip":true},"73":{"start":{"line":311,"column":12},"end":{"line":311,"column":18},"skip":true},"74":{"start":{"line":313,"column":8},"end":{"line":313,"column":54},"skip":true},"75":{"start":{"line":314,"column":8},"end":{"line":314,"column":69},"skip":true},"76":{"start":{"line":315,"column":8},"end":{"line":323,"column":36},"skip":true},"77":{"start":{"line":316,"column":12},"end":{"line":316,"column":61},"skip":true},"78":{"start":{"line":317,"column":12},"end":{"line":320,"column":13},"skip":true},"79":{"start":{"line":318,"column":16},"end":{"line":318,"column":75},"skip":true},"80":{"start":{"line":319,"column":16},"end":{"line":319,"column":23},"skip":true},"81":{"start":{"line":321,"column":12},"end":{"line":321,"column":38},"skip":true},"82":{"start":{"line":322,"column":12},"end":{"line":322,"column":27},"skip":true},"83":{"start":{"line":324,"column":8},"end":{"line":324,"column":14},"skip":true}},"branchMap":{"1":{"line":39,"type":"binary-expr","locations":[{"start":{"line":39,"column":23},"end":{"line":39,"column":62}},{"start":{"line":40,"column":20},"end":{"line":40,"column":70}},{"start":{"line":41,"column":20},"end":{"line":41,"column":71}},{"start":{"line":42,"column":20},"end":{"line":42,"column":29}}]},"2":{"line":44,"type":"binary-expr","locations":[{"start":{"line":44,"column":23},"end":{"line":44,"column":37}},{"start":{"line":45,"column":20},"end":{"line":45,"column":61}},{"start":{"line":46,"column":20},"end":{"line":46,"column":70}},{"start":{"line":47,"column":20},"end":{"line":47,"column":26}}]},"3":{"line":51,"type":"cond-expr","locations":[{"start":{"line":52,"column":14},"end":{"line":52,"column":20}},{"start":{"line":53,"column":14},"end":{"line":53,"column":20}}]},"4":{"line":55,"type":"binary-expr","locations":[{"start":{"line":55,"column":16},"end":{"line":55,"column":44}},{"start":{"line":55,"column":49},"end":{"line":57,"column":43}}]},"5":{"line":55,"type":"cond-expr","locations":[{"start":{"line":56,"column":14},"end":{"line":56,"column":50}},{"start":{"line":57,"column":14},"end":{"line":57,"column":43}}]},"6":{"line":61,"type":"switch","locations":[{"start":{"line":68,"column":4},"end":{"line":150,"column":14},"skip":true},{"start":{"line":156,"column":4},"end":{"line":324,"column":14},"skip":true}]},"7":{"line":70,"type":"if","locations":[{"start":{"line":70,"column":12},"end":{"line":70,"column":12},"skip":true},{"start":{"line":70,"column":12},"end":{"line":70,"column":12},"skip":true}]},"8":{"line":70,"type":"binary-expr","locations":[{"start":{"line":70,"column":16},"end":{"line":70,"column":22},"skip":true},{"start":{"line":70,"column":27},"end":{"line":70,"column":32},"skip":true},{"start":{"line":71,"column":20},"end":{"line":71,"column":39},"skip":true},{"start":{"line":72,"column":20},"end":{"line":72,"column":49},"skip":true},{"start":{"line":73,"column":20},"end":{"line":73,"column":58},"skip":true},{"start":{"line":74,"column":20},"end":{"line":74,"column":69},"skip":true}]},"9":{"line":79,"type":"switch","locations":[{"start":{"line":80,"column":20},"end":{"line":80,"column":33},"skip":true},{"start":{"line":81,"column":20},"end":{"line":83,"column":30},"skip":true},{"start":{"line":84,"column":20},"end":{"line":85,"column":49},"skip":true}]},"10":{"line":89,"type":"switch","locations":[{"start":{"line":90,"column":12},"end":{"line":103,"column":22},"skip":true},{"start":{"line":105,"column":12},"end":{"line":106,"column":22},"skip":true}]},"11":{"line":89,"type":"binary-expr","locations":[{"start":{"line":89,"column":20},"end":{"line":89,"column":25},"skip":true},{"start":{"line":89,"column":29},"end":{"line":89,"column":48},"skip":true},{"start":{"line":89,"column":52},"end":{"line":89,"column":74},"skip":true}]},"12":{"line":92,"type":"if","locations":[{"start":{"line":92,"column":16},"end":{"line":92,"column":16},"skip":true},{"start":{"line":92,"column":16},"end":{"line":92,"column":16},"skip":true}]},"13":{"line":108,"type":"if","locations":[{"start":{"line":108,"column":12},"end":{"line":108,"column":12},"skip":true},{"start":{"line":108,"column":12},"end":{"line":108,"column":12},"skip":true}]},"14":{"line":108,"type":"binary-expr","locations":[{"start":{"line":108,"column":16},"end":{"line":108,"column":61},"skip":true},{"start":{"line":108,"column":66},"end":{"line":108,"column":72},"skip":true},{"start":{"line":108,"column":77},"end":{"line":108,"column":82},"skip":true},{"start":{"line":109,"column":20},"end":{"line":109,"column":39},"skip":true},{"start":{"line":110,"column":20},"end":{"line":110,"column":49},"skip":true},{"start":{"line":111,"column":20},"end":{"line":111,"column":58},"skip":true},{"start":{"line":112,"column":20},"end":{"line":112,"column":68},"skip":true}]},"15":{"line":129,"type":"if","locations":[{"start":{"line":129,"column":16},"end":{"line":129,"column":16},"skip":true},{"start":{"line":129,"column":16},"end":{"line":129,"column":16},"skip":true}]},"16":{"line":134,"type":"cond-expr","locations":[{"start":{"line":135,"column":26},"end":{"line":135,"column":29},"skip":true},{"start":{"line":136,"column":26},"end":{"line":136,"column":54},"skip":true}]},"17":{"line":164,"type":"binary-expr","locations":[{"start":{"line":164,"column":27},"end":{"line":164,"column":43},"skip":true},{"start":{"line":164,"column":47},"end":{"line":164,"column":49},"skip":true}]},"18":{"line":258,"type":"if","locations":[{"start":{"line":258,"column":8},"end":{"line":258,"column":8},"skip":true},{"start":{"line":258,"column":8},"end":{"line":258,"column":8},"skip":true}]},"19":{"line":275,"type":"switch","locations":[{"start":{"line":276,"column":20},"end":{"line":277,"column":64},"skip":true},{"start":{"line":278,"column":20},"end":{"line":279,"column":40},"skip":true},{"start":{"line":280,"column":20},"end":{"line":281,"column":40},"skip":true},{"start":{"line":282,"column":20},"end":{"line":283,"column":39},"skip":true}]},"20":{"line":288,"type":"if","locations":[{"start":{"line":288,"column":8},"end":{"line":288,"column":8},"skip":true},{"start":{"line":288,"column":8},"end":{"line":288,"column":8},"skip":true}]},"21":{"line":288,"type":"binary-expr","locations":[{"start":{"line":288,"column":12},"end":{"line":288,"column":40},"skip":true},{"start":{"line":288,"column":44},"end":{"line":288,"column":67},"skip":true}]},"22":{"line":292,"type":"binary-expr","locations":[{"start":{"line":292,"column":12},"end":{"line":292,"column":50},"skip":true},{"start":{"line":293,"column":12},"end":{"line":293,"column":53},"skip":true}]},"23":{"line":297,"type":"binary-expr","locations":[{"start":{"line":297,"column":12},"end":{"line":297,"column":64},"skip":true},{"start":{"line":298,"column":12},"end":{"line":301,"column":36},"skip":true}]},"24":{"line":303,"type":"binary-expr","locations":[{"start":{"line":303,"column":43},"end":{"line":303,"column":75},"skip":true},{"start":{"line":303,"column":79},"end":{"line":303,"column":81},"skip":true}]},"25":{"line":306,"type":"if","locations":[{"start":{"line":306,"column":8},"end":{"line":306,"column":8},"skip":true},{"start":{"line":306,"column":8},"end":{"line":306,"column":8},"skip":true}]},"26":{"line":310,"type":"if","locations":[{"start":{"line":310,"column":8},"end":{"line":310,"column":8},"skip":true},{"start":{"line":310,"column":8},"end":{"line":310,"column":8},"skip":true}]},"27":{"line":313,"type":"binary-expr","locations":[{"start":{"line":313,"column":27},"end":{"line":313,"column":43},"skip":true},{"start":{"line":313,"column":47},"end":{"line":313,"column":53},"skip":true}]},"28":{"line":317,"type":"if","locations":[{"start":{"line":317,"column":12},"end":{"line":317,"column":12},"skip":true},{"start":{"line":317,"column":12},"end":{"line":317,"column":12},"skip":true}]}},"code":["/*","example.js","","quickstart example","","instruction","    1. save this script as example.js","    2. run the shell command:","        $ npm install npmtest-baucis && PORT=8081 node example.js","    3. play with the browser-demo on http://127.0.0.1:8081","*/","","","","/* istanbul instrument in package npmtest_baucis */","/*jslint","    bitwise: true,","    browser: true,","    maxerr: 8,","    maxlen: 96,","    node: true,","    nomen: true,","    regexp: true,","    stupid: true","*/","(function () {","    'use strict';","    var local;","","","","    // run shared js-env code - pre-init","    (function () {","        // init local","        local = {};","        // init modeJs","        local.modeJs = (function () {","            try {","                return typeof navigator.userAgent === 'string' &&","                    typeof document.querySelector('body') === 'object' &&","                    typeof XMLHttpRequest.prototype.open === 'function' &&","                    'browser';","            } catch (errorCaughtBrowser) {","                return module.exports &&","                    typeof process.versions.node === 'string' &&","                    typeof require('http').createServer === 'function' &&","                    'node';","            }","        }());","        // init global","        local.global = local.modeJs === 'browser'","            ? window","            : global;","        // init utility2_rollup","        local = local.global.utility2_rollup || (local.modeJs === 'browser'","            ? local.global.utility2_npmtest_baucis","            : global.utility2_moduleExports);","        // export local","        local.global.local = local;","    }());","    switch (local.modeJs) {","","","","    // post-init","    // run browser js-env code - post-init","    /* istanbul ignore next */","    case 'browser':","        local.testRunBrowser = function (event) {","            if (!event || (event &&","                    event.currentTarget &&","                    event.currentTarget.className &&","                    event.currentTarget.className.includes &&","                    event.currentTarget.className.includes('onreset'))) {","                // reset output","                Array.from(","                    document.querySelectorAll('body > .resettable')","                ).forEach(function (element) {","                    switch (element.tagName) {","                    case 'INPUT':","                    case 'TEXTAREA':","                        element.value = '';","                        break;","                    default:","                        element.textContent = '';","                    }","                });","            }","            switch (event && event.currentTarget && event.currentTarget.id) {","            case 'testRunButton1':","                // show tests","                if (document.querySelector('#testReportDiv1').style.display === 'none') {","                    document.querySelector('#testReportDiv1').style.display = 'block';","                    document.querySelector('#testRunButton1').textContent =","                        'hide internal test';","                    local.modeTest = true;","                    local.testRunDefault(local);","                // hide tests","                } else {","                    document.querySelector('#testReportDiv1').style.display = 'none';","                    document.querySelector('#testRunButton1').textContent = 'run internal test';","                }","                break;","            // custom-case","            default:","                break;","            }","            if (document.querySelector('#inputTextareaEval1') && (!event || (event &&","                    event.currentTarget &&","                    event.currentTarget.className &&","                    event.currentTarget.className.includes &&","                    event.currentTarget.className.includes('oneval')))) {","                // try to eval input-code","                try {","                    /*jslint evil: true*/","                    eval(document.querySelector('#inputTextareaEval1').value);","                } catch (errorCaught) {","                    console.error(errorCaught);","                }","            }","        };","        // log stderr and stdout to #outputTextareaStdout1","        ['error', 'log'].forEach(function (key) {","            console[key + '_original'] = console[key];","            console[key] = function () {","                var element;","                console[key + '_original'].apply(console, arguments);","                element = document.querySelector('#outputTextareaStdout1');","                if (!element) {","                    return;","                }","                // append text to #outputTextareaStdout1","                element.value += Array.from(arguments).map(function (arg) {","                    return typeof arg === 'string'","                        ? arg","                        : JSON.stringify(arg, null, 4);","                }).join(' ') + '\\n';","                // scroll textarea to bottom","                element.scrollTop = element.scrollHeight;","            };","        });","        // init event-handling","        ['change', 'click', 'keyup'].forEach(function (event) {","            Array.from(document.querySelectorAll('.on' + event)).forEach(function (element) {","                element.addEventListener(event, local.testRunBrowser);","            });","        });","        // run tests","        local.testRunBrowser();","        break;","","","","    // run node js-env code - post-init","    /* istanbul ignore next */","    case 'node':","        // export local","        module.exports = local;","        // require modules","        local.fs = require('fs');","        local.http = require('http');","        local.url = require('url');","        // init assets","        local.assetsDict = local.assetsDict || {};","        /* jslint-ignore-begin */","        local.assetsDict['/assets.index.template.html'] = '\\","<!doctype html>\\n\\","<html lang=\"en\">\\n\\","<head>\\n\\","<meta charset=\"UTF-8\">\\n\\","<meta name=\"viewport\" content=\"width=device-width, initial-scale=1\">\\n\\","<title>{{env.npm_package_name}} (v{{env.npm_package_version}})</title>\\n\\","<style>\\n\\","/*csslint\\n\\","    box-sizing: false,\\n\\","    universal-selector: false\\n\\","*/\\n\\","* {\\n\\","    box-sizing: border-box;\\n\\","}\\n\\","body {\\n\\","    background: #dde;\\n\\","    font-family: Arial, Helvetica, sans-serif;\\n\\","    margin: 2rem;\\n\\","}\\n\\","body > * {\\n\\","    margin-bottom: 1rem;\\n\\","}\\n\\",".utility2FooterDiv {\\n\\","    margin-top: 20px;\\n\\","    text-align: center;\\n\\","}\\n\\","</style>\\n\\","<style>\\n\\","/*csslint\\n\\","*/\\n\\","textarea {\\n\\","    font-family: monospace;\\n\\","    height: 10rem;\\n\\","    width: 100%;\\n\\","}\\n\\","textarea[readonly] {\\n\\","    background: #ddd;\\n\\","}\\n\\","</style>\\n\\","</head>\\n\\","<body>\\n\\","<!-- utility2-comment\\n\\","<div id=\"ajaxProgressDiv1\" style=\"background: #d00; height: 2px; left: 0; margin: 0; padding: 0; position: fixed; top: 0; transition: background 0.5s, width 1.5s; width: 25%;\"></div>\\n\\","utility2-comment -->\\n\\","<h1>\\n\\","<!-- utility2-comment\\n\\","    <a\\n\\","        {{#if env.npm_package_homepage}}\\n\\","        href=\"{{env.npm_package_homepage}}\"\\n\\","        {{/if env.npm_package_homepage}}\\n\\","        target=\"_blank\"\\n\\","    >\\n\\","utility2-comment -->\\n\\","        {{env.npm_package_name}} (v{{env.npm_package_version}})\\n\\","<!-- utility2-comment\\n\\","    </a>\\n\\","utility2-comment -->\\n\\","</h1>\\n\\","<h3>{{env.npm_package_description}}</h3>\\n\\","<!-- utility2-comment\\n\\","<h4><a download href=\"assets.app.js\">download standalone app</a></h4>\\n\\","<button class=\"onclick onreset\" id=\"testRunButton1\">run internal test</button><br>\\n\\","<div id=\"testReportDiv1\" style=\"display: none;\"></div>\\n\\","utility2-comment -->\\n\\","\\n\\","\\n\\","\\n\\","<label>stderr and stdout</label>\\n\\","<textarea class=\"resettable\" id=\"outputTextareaStdout1\" readonly></textarea>\\n\\","<!-- utility2-comment\\n\\","{{#if isRollup}}\\n\\","<script src=\"assets.app.js\"></script>\\n\\","{{#unless isRollup}}\\n\\","utility2-comment -->\\n\\","<script src=\"assets.utility2.rollup.js\"></script>\\n\\","<script src=\"jsonp.utility2._stateInit?callback=window.utility2._stateInit\"></script>\\n\\","<script src=\"assets.npmtest_baucis.rollup.js\"></script>\\n\\","<script src=\"assets.example.js\"></script>\\n\\","<script src=\"assets.test.js\"></script>\\n\\","<!-- utility2-comment\\n\\","{{/if isRollup}}\\n\\","utility2-comment -->\\n\\","<div class=\"utility2FooterDiv\">\\n\\","    [ this app was created with\\n\\","    <a href=\"https://github.com/kaizhu256/node-utility2\" target=\"_blank\">utility2</a>\\n\\","    ]\\n\\","</div>\\n\\","</body>\\n\\","</html>\\n\\","';","        /* jslint-ignore-end */","        if (local.templateRender) {","            local.assetsDict['/'] = local.templateRender(","                local.assetsDict['/assets.index.template.html'],","                {","                    env: local.objectSetDefault(local.env, {","                        npm_package_description: 'the greatest app in the world!',","                        npm_package_name: 'my-app',","                        npm_package_nameAlias: 'my_app',","                        npm_package_version: '0.0.1'","                    })","                }","            );","        } else {","            local.assetsDict['/'] = local.assetsDict['/assets.index.template.html']","                .replace((/\\{\\{env\\.(\\w+?)\\}\\}/g), function (match0, match1) {","                    // jslint-hack","                    String(match0);","                    switch (match1) {","                    case 'npm_package_description':","                        return 'the greatest app in the world!';","                    case 'npm_package_name':","                        return 'my-app';","                    case 'npm_package_nameAlias':","                        return 'my_app';","                    case 'npm_package_version':","                        return '0.0.1';","                    }","                });","        }","        // run the cli","        if (local.global.utility2_rollup || module !== require.main) {","            break;","        }","        local.assetsDict['/assets.example.js'] =","            local.assetsDict['/assets.example.js'] ||","            local.fs.readFileSync(__filename, 'utf8');","        // bug-workaround - long $npm_package_buildCustomOrg","        /* jslint-ignore-begin */","        local.assetsDict['/assets.npmtest_baucis.rollup.js'] =","            local.assetsDict['/assets.npmtest_baucis.rollup.js'] ||","            local.fs.readFileSync(","                local.npmtest_baucis.__dirname + '/lib.npmtest_baucis.js',","                'utf8'","            ).replace((/^#!/), '//');","        /* jslint-ignore-end */","        local.assetsDict['/favicon.ico'] = local.assetsDict['/favicon.ico'] || '';","        // if $npm_config_timeout_exit exists,","        // then exit this process after $npm_config_timeout_exit ms","        if (Number(process.env.npm_config_timeout_exit)) {","            setTimeout(process.exit, Number(process.env.npm_config_timeout_exit));","        }","        // start server","        if (local.global.utility2_serverHttp1) {","            break;","        }","        process.env.PORT = process.env.PORT || '8081';","        console.error('server starting on port ' + process.env.PORT);","        local.http.createServer(function (request, response) {","            request.urlParsed = local.url.parse(request.url);","            if (local.assetsDict[request.urlParsed.pathname] !== undefined) {","                response.end(local.assetsDict[request.urlParsed.pathname]);","                return;","            }","            response.statusCode = 404;","            response.end();","        }).listen(process.env.PORT);","        break;","    }","}());",""],"l":{"26":2,"28":2,"33":2,"35":2,"37":2,"38":2,"39":2,"44":1,"51":2,"55":2,"59":2,"61":2,"69":1,"70":2,"76":2,"79":2,"82":2,"83":2,"85":1,"89":2,"92":1,"93":1,"94":1,"96":1,"97":1,"100":1,"101":1,"103":1,"106":1,"108":2,"114":1,"116":1,"118":1,"123":1,"124":2,"125":2,"126":3,"127":3,"128":3,"129":3,"130":1,"133":3,"134":3,"139":3,"143":1,"144":3,"145":1,"149":1,"150":1,"158":1,"160":1,"161":1,"162":1,"164":1,"166":1,"258":1,"259":1,"271":1,"274":6,"275":6,"277":1,"279":2,"281":1,"283":2,"288":1,"289":1,"291":1,"296":1,"303":1,"306":1,"307":1,"310":1,"311":1,"313":1,"314":1,"315":1,"316":1,"317":1,"318":1,"319":1,"321":1,"322":1,"324":1}},"/home/travis/build/npmtest/node-npmtest-baucis/node_modules/baucis/index.js":{"path":"/home/travis/build/npmtest/node-npmtest-baucis/node_modules/baucis/index.js","s":{"1":1,"2":1,"3":1,"4":1,"5":1,"6":1,"7":1,"8":1,"9":1,"10":1,"11":1,"12":1,"13":1,"14":0,"15":1,"16":0,"17":0,"18":0,"19":1,"20":0,"21":0,"22":0,"23":1,"24":0,"25":0,"26":0,"27":0,"28":0,"29":1,"30":1,"31":0,"32":0,"33":1,"34":1,"35":0,"36":0,"37":0,"38":0,"39":1,"40":1,"41":1,"42":1,"43":1,"44":1,"45":1,"46":1,"47":1,"48":1,"49":1,"50":1,"51":1},"b":{"1":[0,0],"2":[0,0],"3":[0,0]},"f":{"1":0,"2":0,"3":0,"4":0,"5":0,"6":0,"7":1,"8":0,"9":0,"10":0,"11":1},"fnMap":{"1":{"name":"(anonymous_1)","line":20,"loc":{"start":{"line":20,"column":30},"end":{"line":20,"column":49}}},"2":{"name":"(anonymous_2)","line":25,"loc":{"start":{"line":25,"column":14},"end":{"line":25,"column":31}}},"3":{"name":"(anonymous_3)","line":30,"loc":{"start":{"line":30,"column":15},"end":{"line":30,"column":27}}},"4":{"name":"(anonymous_4)","line":36,"loc":{"start":{"line":36,"column":20},"end":{"line":36,"column":50}}},"5":{"name":"(anonymous_5)","line":47,"loc":{"start":{"line":47,"column":13},"end":{"line":47,"column":25}}},"6":{"name":"(anonymous_6)","line":52,"loc":{"start":{"line":52,"column":30},"end":{"line":52,"column":46}}},"7":{"name":"(anonymous_7)","line":59,"loc":{"start":{"line":59,"column":22},"end":{"line":59,"column":41}}},"8":{"name":"(anonymous_8)","line":60,"loc":{"start":{"line":60,"column":21},"end":{"line":60,"column":41}}},"9":{"name":"(anonymous_9)","line":60,"loc":{"start":{"line":60,"column":50},"end":{"line":60,"column":62}}},"10":{"name":"(anonymous_10)","line":64,"loc":{"start":{"line":64,"column":16},"end":{"line":64,"column":41}}},"11":{"name":"(anonymous_11)","line":74,"loc":{"start":{"line":74,"column":19},"end":{"line":74,"column":38}}}},"statementMap":{"1":{"start":{"line":2,"column":0},"end":{"line":2,"column":27}},"2":{"start":{"line":3,"column":0},"end":{"line":3,"column":33}},"3":{"start":{"line":4,"column":0},"end":{"line":4,"column":35}},"4":{"start":{"line":5,"column":0},"end":{"line":5,"column":27}},"5":{"start":{"line":6,"column":0},"end":{"line":6,"column":41}},"6":{"start":{"line":7,"column":0},"end":{"line":7,"column":31}},"7":{"start":{"line":8,"column":0},"end":{"line":8,"column":38}},"8":{"start":{"line":9,"column":0},"end":{"line":12,"column":2}},"9":{"start":{"line":14,"column":0},"end":{"line":14,"column":13}},"10":{"start":{"line":15,"column":0},"end":{"line":15,"column":17}},"11":{"start":{"line":16,"column":0},"end":{"line":16,"column":20}},"12":{"start":{"line":17,"column":0},"end":{"line":17,"column":25}},"13":{"start":{"line":20,"column":0},"end":{"line":22,"column":2}},"14":{"start":{"line":21,"column":2},"end":{"line":21,"column":24}},"15":{"start":{"line":25,"column":0},"end":{"line":28,"column":2}},"16":{"start":{"line":26,"column":2},"end":{"line":26,"column":34}},"17":{"start":{"line":26,"column":17},"end":{"line":26,"column":34}},"18":{"start":{"line":27,"column":2},"end":{"line":27,"column":30}},"19":{"start":{"line":30,"column":0},"end":{"line":34,"column":2}},"20":{"start":{"line":31,"column":2},"end":{"line":31,"column":26}},"21":{"start":{"line":32,"column":2},"end":{"line":32,"column":19}},"22":{"start":{"line":33,"column":2},"end":{"line":33,"column":18}},"23":{"start":{"line":36,"column":0},"end":{"line":56,"column":2}},"24":{"start":{"line":46,"column":2},"end":{"line":50,"column":4}},"25":{"start":{"line":48,"column":6},"end":{"line":48,"column":42}},"26":{"start":{"line":52,"column":2},"end":{"line":54,"column":5}},"27":{"start":{"line":53,"column":4},"end":{"line":53,"column":48}},"28":{"start":{"line":55,"column":2},"end":{"line":55,"column":28}},"29":{"start":{"line":59,"column":0},"end":{"line":62,"column":2}},"30":{"start":{"line":60,"column":2},"end":{"line":60,"column":86}},"31":{"start":{"line":60,"column":43},"end":{"line":60,"column":84}},"32":{"start":{"line":60,"column":64},"end":{"line":60,"column":82}},"33":{"start":{"line":61,"column":2},"end":{"line":61,"column":16}},"34":{"start":{"line":64,"column":0},"end":{"line":71,"column":2}},"35":{"start":{"line":66,"column":2},"end":{"line":66,"column":36}},"36":{"start":{"line":68,"column":2},"end":{"line":68,"column":35}},"37":{"start":{"line":69,"column":2},"end":{"line":69,"column":30}},"38":{"start":{"line":70,"column":2},"end":{"line":70,"column":41}},"39":{"start":{"line":74,"column":0},"end":{"line":77,"column":2}},"40":{"start":{"line":75,"column":2},"end":{"line":75,"column":20}},"41":{"start":{"line":76,"column":2},"end":{"line":76,"column":16}},"42":{"start":{"line":80,"column":0},"end":{"line":80,"column":17}},"43":{"start":{"line":81,"column":0},"end":{"line":81,"column":31}},"44":{"start":{"line":82,"column":0},"end":{"line":82,"column":25}},"45":{"start":{"line":83,"column":0},"end":{"line":83,"column":21}},"46":{"start":{"line":85,"column":0},"end":{"line":85,"column":22}},"47":{"start":{"line":86,"column":0},"end":{"line":86,"column":29}},"48":{"start":{"line":87,"column":0},"end":{"line":87,"column":28}},"49":{"start":{"line":88,"column":0},"end":{"line":88,"column":24}},"50":{"start":{"line":91,"column":0},"end":{"line":91,"column":27}},"51":{"start":{"line":92,"column":0},"end":{"line":92,"column":28}}},"branchMap":{"1":{"line":26,"type":"if","locations":[{"start":{"line":26,"column":2},"end":{"line":26,"column":2}},{"start":{"line":26,"column":2},"end":{"line":26,"column":2}}]},"2":{"line":66,"type":"binary-expr","locations":[{"start":{"line":66,"column":9},"end":{"line":66,"column":13}},{"start":{"line":66,"column":17},"end":{"line":66,"column":35}}]},"3":{"line":70,"type":"cond-expr","locations":[{"start":{"line":70,"column":19},"end":{"line":70,"column":28}},{"start":{"line":70,"column":31},"end":{"line":70,"column":40}}]}},"code":["// __Dependencies__","var deco = require('deco');","var es = require('event-stream');","var mongoose = require('mongoose');","var Api = require('./Api');","var Controller = require('./Controller');","var Model = require('./Model');","var RestError = require('rest-error');","var plugins = {","  json: require('baucis-json'),","  links: require('baucis-links')","};","","var instance;","var parsers = {};","var formatters = {};","var errorFormatters = {};","","// __Module Definition__","var baucis = module.exports = function (options) {","  return baucis.empty();","};","","// __Public Members__","baucis.rest = function (model) {","  if (!instance) instance = Api();","  return instance.rest(model);","};","","baucis.empty = function () {","  var previous = instance;","  instance = Api();","  return previous;","};","","baucis.formatters = function (response, callback) {","  // if (response._headerSent) {","  //   callback(null, function () {","  //     return es.through(function (data) { console.log(data) }, function () {","  //       this.emit('end');","  //     });","  //   });","  //   return;","  // }","","  var handlers = {","    default: function () {","      callback(RestError.NotAcceptable());","    }","  };","","  Object.keys(formatters).map(function (mime) {","    handlers[mime] = formatters[mime](callback);","  });","  response.format(handlers);","};","","// Adds a formatter for the given mime type.  Needs a function that returns a stream.","baucis.setFormatter = function (mime, f) {","  formatters[mime] = function (callback) { return function () { callback(null, f) } };","  return baucis;","};","","baucis.parser = function (mime, handler) {","  // Default to JSON when no MIME type is provided.","  mime = mime || 'application/json';","  // Not interested in any additional parameters at this point.","  mime = mime.split(';')[0].trim();","  var handler = parsers[mime];","  return handler ? handler() : undefined;","};","","// Adds a parser for the given mime type.  Needs a function that returns a stream.","baucis.setParser = function (mime, f) {","  parsers[mime] = f;","  return baucis;","};","","// __Expose Modules__","baucis.Api = Api;","baucis.Controller = Controller;","baucis.Error = RestError;","baucis.Model = Model;","","Api.container(baucis);","Controller.container(baucis);","RestError.container(baucis);","Model.container(baucis);","","// __Plugins__","plugins.json.apply(baucis);","plugins.links.apply(baucis);",""],"l":{"2":1,"3":1,"4":1,"5":1,"6":1,"7":1,"8":1,"9":1,"14":1,"15":1,"16":1,"17":1,"20":1,"21":0,"25":1,"26":0,"27":0,"30":1,"31":0,"32":0,"33":0,"36":1,"46":0,"48":0,"52":0,"53":0,"55":0,"59":1,"60":1,"61":1,"64":1,"66":0,"68":0,"69":0,"70":0,"74":1,"75":1,"76":1,"80":1,"81":1,"82":1,"83":1,"85":1,"86":1,"87":1,"88":1,"91":1,"92":1}},"/home/travis/build/npmtest/node-npmtest-baucis/node_modules/baucis/Api/index.js":{"path":"/home/travis/build/npmtest/node-npmtest-baucis/node_modules/baucis/Api/index.js","s":{"1":1,"2":1,"3":1,"4":1,"5":1,"6":1,"7":0,"8":0,"9":0,"10":0,"11":0,"12":0,"13":0,"14":0,"15":0,"16":0,"17":0,"18":0,"19":0,"20":0,"21":0,"22":0,"23":0,"24":0,"25":0,"26":0,"27":0,"28":0,"29":0,"30":0,"31":0,"32":1,"33":1},"b":{"1":[0,0],"2":[0,0],"3":[0,0],"4":[0,0],"5":[0,0]},"f":{"1":0,"2":0,"3":0,"4":0},"fnMap":{"1":{"name":"(anonymous_1)","line":9,"loc":{"start":{"line":9,"column":32},"end":{"line":9,"column":60}}},"2":{"name":"(anonymous_2)","line":12,"loc":{"start":{"line":12,"column":10},"end":{"line":12,"column":45}}},"3":{"name":"(anonymous_3)","line":41,"loc":{"start":{"line":41,"column":44},"end":{"line":41,"column":63}}},"4":{"name":"(anonymous_4)","line":48,"loc":{"start":{"line":48,"column":13},"end":{"line":48,"column":30}}}},"statementMap":{"1":{"start":{"line":2,"column":0},"end":{"line":2,"column":27}},"2":{"start":{"line":3,"column":0},"end":{"line":3,"column":31}},"3":{"start":{"line":4,"column":0},"end":{"line":4,"column":33}},"4":{"start":{"line":5,"column":0},"end":{"line":5,"column":42}},"5":{"start":{"line":6,"column":0},"end":{"line":6,"column":38}},"6":{"start":{"line":9,"column":0},"end":{"line":53,"column":3}},"7":{"start":{"line":10,"column":2},"end":{"line":10,"column":17}},"8":{"start":{"line":12,"column":2},"end":{"line":38,"column":5}},"9":{"start":{"line":13,"column":4},"end":{"line":13,"column":104}},"10":{"start":{"line":13,"column":24},"end":{"line":13,"column":104}},"11":{"start":{"line":15,"column":4},"end":{"line":15,"column":24}},"12":{"start":{"line":16,"column":4},"end":{"line":16,"column":42}},"13":{"start":{"line":18,"column":4},"end":{"line":18,"column":33}},"14":{"start":{"line":22,"column":4},"end":{"line":22,"column":56}},"15":{"start":{"line":24,"column":4},"end":{"line":27,"column":5}},"16":{"start":{"line":25,"column":6},"end":{"line":25,"column":111}},"17":{"start":{"line":26,"column":6},"end":{"line":26,"column":13}},"18":{"start":{"line":29,"column":4},"end":{"line":29,"column":75}},"19":{"start":{"line":31,"column":4},"end":{"line":34,"column":5}},"20":{"start":{"line":32,"column":6},"end":{"line":32,"column":105}},"21":{"start":{"line":33,"column":6},"end":{"line":33,"column":13}},"22":{"start":{"line":36,"column":4},"end":{"line":36,"column":56}},"23":{"start":{"line":37,"column":4},"end":{"line":37,"column":11}},"24":{"start":{"line":41,"column":2},"end":{"line":46,"column":5}},"25":{"start":{"line":42,"column":4},"end":{"line":44,"column":5}},"26":{"start":{"line":43,"column":6},"end":{"line":43,"column":99}},"27":{"start":{"line":45,"column":4},"end":{"line":45,"column":43}},"28":{"start":{"line":48,"column":2},"end":{"line":52,"column":4}},"29":{"start":{"line":49,"column":4},"end":{"line":49,"column":39}},"30":{"start":{"line":50,"column":4},"end":{"line":50,"column":24}},"31":{"start":{"line":51,"column":4},"end":{"line":51,"column":22}},"32":{"start":{"line":55,"column":0},"end":{"line":55,"column":28}},"33":{"start":{"line":56,"column":0},"end":{"line":56,"column":43}}},"branchMap":{"1":{"line":13,"type":"if","locations":[{"start":{"line":13,"column":4},"end":{"line":13,"column":4}},{"start":{"line":13,"column":4},"end":{"line":13,"column":4}}]},"2":{"line":22,"type":"binary-expr","locations":[{"start":{"line":22,"column":18},"end":{"line":22,"column":48}},{"start":{"line":22,"column":52},"end":{"line":22,"column":55}}]},"3":{"line":24,"type":"if","locations":[{"start":{"line":24,"column":4},"end":{"line":24,"column":4}},{"start":{"line":24,"column":4},"end":{"line":24,"column":4}}]},"4":{"line":31,"type":"if","locations":[{"start":{"line":31,"column":4},"end":{"line":31,"column":4}},{"start":{"line":31,"column":4},"end":{"line":31,"column":4}}]},"5":{"line":42,"type":"if","locations":[{"start":{"line":42,"column":4},"end":{"line":42,"column":4}},{"start":{"line":42,"column":4},"end":{"line":42,"column":4}}]}},"code":["// __Dependencies__","var deco = require('deco');","var semver = require('semver');","var express = require('express');","var Controller = require('../Controller');","var RestError = require('rest-error');","","// __Module Definition__","var Api = module.exports = deco(function (options, protect) {","  var api = this;","","  api.use(function (request, response, next) {","    if (request.baucis) return next(RestError.Misconfigured('Baucis request property already created'));","","    request.baucis = {};","    response.removeHeader('x-powered-by');","    // Any caching proxies should be aware of API version.","    response.vary('API-Version');","    // TODO move this","    // Requested range is used to select highest possible release number.","    // Then later controllers are checked for matching the release number.","    var version = request.headers['api-version'] || '*';","    // Check the requested API version is valid.","    if (!semver.validRange(version)) {","      next(RestError.BadRequest('The requested API version range \"%s\" was not a valid semver range', version));","      return;","    }","","    request.baucis.release = semver.maxSatisfying(api.releases(), version);","    // Check for API version unsatisfied and give a 400 if no versions match.","    if (!request.baucis.release) {","      next(RestError.BadRequest('The requested API version range \"%s\" could not be satisfied', version));","      return;","    }","","    response.set('API-Version', request.baucis.release);","    next();","  });","","  // __Public Members___","  protect.property('releases', [ '0.0.1' ], function (release) {","    if (!semver.valid(release)) {","      throw RestError.Misconfigured('Release version \"%s\" is not a valid semver version', release);","    }","    return this.releases().concat(release);","  });","","  api.rest = function (model) {","    var controller = Controller(model);","    api.add(controller);","    return controller;","  };","});","","Api.factory(express.Router);","Api.decorators(__dirname, ['controllers']);",""],"l":{"2":1,"3":1,"4":1,"5":1,"6":1,"9":1,"10":0,"12":0,"13":0,"15":0,"16":0,"18":0,"22":0,"24":0,"25":0,"26":0,"29":0,"31":0,"32":0,"33":0,"36":0,"37":0,"41":0,"42":0,"43":0,"45":0,"48":0,"49":0,"50":0,"51":0,"55":1,"56":1}},"/home/travis/build/npmtest/node-npmtest-baucis/node_modules/baucis/Controller/index.js":{"path":"/home/travis/build/npmtest/node-npmtest-baucis/node_modules/baucis/Controller/index.js","s":{"1":1,"2":1,"3":1,"4":1,"5":1,"6":1},"b":{},"f":{},"fnMap":{},"statementMap":{"1":{"start":{"line":2,"column":0},"end":{"line":2,"column":27}},"2":{"start":{"line":3,"column":0},"end":{"line":3,"column":33}},"3":{"start":{"line":4,"column":0},"end":{"line":4,"column":38}},"4":{"start":{"line":7,"column":0},"end":{"line":7,"column":41}},"5":{"start":{"line":9,"column":0},"end":{"line":9,"column":35}},"6":{"start":{"line":10,"column":0},"end":{"line":18,"column":3}}},"branchMap":{},"code":["// __Dependencies__","var deco = require('deco');","var express = require('express');","var RestError = require('rest-error');","","// __Module Definition__","var Controller = module.exports = deco();","","Controller.factory(express.Router);","Controller.decorators(__dirname, [","  'configure',","  'stages',","  'activation',","  'request',","  'query',","  'send',","  'errors'","]);",""],"l":{"2":1,"3":1,"4":1,"7":1,"9":1,"10":1}},"/home/travis/build/npmtest/node-npmtest-baucis/node_modules/baucis/Controller/configure.js":{"path":"/home/travis/build/npmtest/node-npmtest-baucis/node_modules/baucis/Controller/configure.js","s":{"1":1,"2":1,"3":1,"4":1,"5":1,"6":0,"7":0,"8":0,"9":0,"10":0,"11":0,"12":0,"13":0,"14":0,"15":0,"16":0,"17":0,"18":0,"19":0,"20":0,"21":0,"22":0,"23":0,"24":0,"25":0,"26":0,"27":0,"28":0,"29":0,"30":0,"31":0,"32":0,"33":0,"34":0,"35":0,"36":0,"37":0,"38":0,"39":0,"40":0,"41":0,"42":0,"43":0,"44":0,"45":0,"46":0,"47":0},"b":{"1":[0,0],"2":[0,0,0],"3":[0,0],"4":[0,0],"5":[0,0],"6":[0,0],"7":[0,0],"8":[0,0],"9":[0,0],"10":[0,0],"11":[0,0],"12":[0,0]},"f":{"1":0,"2":0,"3":0,"4":0,"5":0,"6":0,"7":0,"8":0,"9":0},"fnMap":{"1":{"name":"(anonymous_1)","line":8,"loc":{"start":{"line":8,"column":33},"end":{"line":8,"column":59}}},"2":{"name":"(anonymous_2)","line":22,"loc":{"start":{"line":22,"column":36},"end":{"line":22,"column":53}}},"3":{"name":"(anonymous_3)","line":27,"loc":{"start":{"line":27,"column":39},"end":{"line":27,"column":52}}},"4":{"name":"(anonymous_4)","line":34,"loc":{"start":{"line":34,"column":4},"end":{"line":34,"column":21}}},"5":{"name":"(anonymous_5)","line":41,"loc":{"start":{"line":41,"column":36},"end":{"line":41,"column":52}}},"6":{"name":"(anonymous_6)","line":50,"loc":{"start":{"line":50,"column":69},"end":{"line":50,"column":88}}},"7":{"name":"(anonymous_7)","line":54,"loc":{"start":{"line":54,"column":26},"end":{"line":54,"column":42}}},"8":{"name":"(anonymous_8)","line":57,"loc":{"start":{"line":57,"column":45},"end":{"line":57,"column":61}}},"9":{"name":"(anonymous_9)","line":61,"loc":{"start":{"line":61,"column":41},"end":{"line":61,"column":66}}}},"statementMap":{"1":{"start":{"line":2,"column":0},"end":{"line":2,"column":35}},"2":{"start":{"line":3,"column":0},"end":{"line":3,"column":31}},"3":{"start":{"line":4,"column":0},"end":{"line":4,"column":32}},"4":{"start":{"line":5,"column":0},"end":{"line":5,"column":38}},"5":{"start":{"line":8,"column":0},"end":{"line":71,"column":2}},"6":{"start":{"line":9,"column":2},"end":{"line":9,"column":24}},"7":{"start":{"line":11,"column":2},"end":{"line":13,"column":3}},"8":{"start":{"line":12,"column":4},"end":{"line":12,"column":76}},"9":{"start":{"line":16,"column":2},"end":{"line":16,"column":38}},"10":{"start":{"line":17,"column":2},"end":{"line":17,"column":37}},"11":{"start":{"line":18,"column":2},"end":{"line":18,"column":35}},"12":{"start":{"line":19,"column":2},"end":{"line":19,"column":33}},"13":{"start":{"line":20,"column":2},"end":{"line":20,"column":31}},"14":{"start":{"line":22,"column":2},"end":{"line":25,"column":5}},"15":{"start":{"line":23,"column":4},"end":{"line":23,"column":47}},"16":{"start":{"line":23,"column":34},"end":{"line":23,"column":47}},"17":{"start":{"line":24,"column":4},"end":{"line":24,"column":103}},"18":{"start":{"line":27,"column":2},"end":{"line":30,"column":5}},"19":{"start":{"line":28,"column":4},"end":{"line":28,"column":56}},"20":{"start":{"line":28,"column":31},"end":{"line":28,"column":56}},"21":{"start":{"line":29,"column":4},"end":{"line":29,"column":13}},"22":{"start":{"line":32,"column":2},"end":{"line":39,"column":4}},"23":{"start":{"line":35,"column":6},"end":{"line":35,"column":72}},"24":{"start":{"line":35,"column":31},"end":{"line":35,"column":72}},"25":{"start":{"line":36,"column":6},"end":{"line":36,"column":55}},"26":{"start":{"line":36,"column":36},"end":{"line":36,"column":55}},"27":{"start":{"line":37,"column":6},"end":{"line":37,"column":19}},"28":{"start":{"line":41,"column":2},"end":{"line":47,"column":5}},"29":{"start":{"line":42,"column":4},"end":{"line":42,"column":58}},"30":{"start":{"line":43,"column":4},"end":{"line":45,"column":5}},"31":{"start":{"line":44,"column":6},"end":{"line":44,"column":113}},"32":{"start":{"line":46,"column":4},"end":{"line":46,"column":16}},"33":{"start":{"line":49,"column":2},"end":{"line":49,"column":55}},"34":{"start":{"line":50,"column":2},"end":{"line":52,"column":5}},"35":{"start":{"line":51,"column":4},"end":{"line":51,"column":34}},"36":{"start":{"line":54,"column":2},"end":{"line":67,"column":4}},"37":{"start":{"line":55,"column":4},"end":{"line":55,"column":53}},"38":{"start":{"line":57,"column":4},"end":{"line":60,"column":7}},"39":{"start":{"line":58,"column":6},"end":{"line":58,"column":58}},"40":{"start":{"line":59,"column":6},"end":{"line":59,"column":43}},"41":{"start":{"line":59,"column":17},"end":{"line":59,"column":43}},"42":{"start":{"line":61,"column":4},"end":{"line":63,"column":7}},"43":{"start":{"line":62,"column":6},"end":{"line":62,"column":51}},"44":{"start":{"line":65,"column":4},"end":{"line":66,"column":52}},"45":{"start":{"line":65,"column":32},"end":{"line":65,"column":52}},"46":{"start":{"line":66,"column":9},"end":{"line":66,"column":52}},"47":{"start":{"line":70,"column":2},"end":{"line":70,"column":26}}},"branchMap":{"1":{"line":11,"type":"if","locations":[{"start":{"line":11,"column":2},"end":{"line":11,"column":2}},{"start":{"line":11,"column":2},"end":{"line":11,"column":2}}]},"2":{"line":11,"type":"binary-expr","locations":[{"start":{"line":11,"column":6},"end":{"line":11,"column":31}},{"start":{"line":11,"column":36},"end":{"line":11,"column":42}},{"start":{"line":11,"column":46},"end":{"line":11,"column":59}}]},"3":{"line":23,"type":"if","locations":[{"start":{"line":23,"column":4},"end":{"line":23,"column":4}},{"start":{"line":23,"column":4},"end":{"line":23,"column":4}}]},"4":{"line":28,"type":"if","locations":[{"start":{"line":28,"column":4},"end":{"line":28,"column":4}},{"start":{"line":28,"column":4},"end":{"line":28,"column":4}}]},"5":{"line":35,"type":"if","locations":[{"start":{"line":35,"column":6},"end":{"line":35,"column":6}},{"start":{"line":35,"column":6},"end":{"line":35,"column":6}}]},"6":{"line":36,"type":"if","locations":[{"start":{"line":36,"column":6},"end":{"line":36,"column":6}},{"start":{"line":36,"column":6},"end":{"line":36,"column":6}}]},"7":{"line":43,"type":"if","locations":[{"start":{"line":43,"column":4},"end":{"line":43,"column":4}},{"start":{"line":43,"column":4},"end":{"line":43,"column":4}}]},"8":{"line":43,"type":"binary-expr","locations":[{"start":{"line":43,"column":8},"end":{"line":43,"column":34}},{"start":{"line":43,"column":38},"end":{"line":43,"column":100}}]},"9":{"line":43,"type":"binary-expr","locations":[{"start":{"line":43,"column":40},"end":{"line":43,"column":64}},{"start":{"line":43,"column":68},"end":{"line":43,"column":99}}]},"10":{"line":51,"type":"cond-expr","locations":[{"start":{"line":51,"column":21},"end":{"line":51,"column":25}},{"start":{"line":51,"column":28},"end":{"line":51,"column":33}}]},"11":{"line":59,"type":"if","locations":[{"start":{"line":59,"column":6},"end":{"line":59,"column":6}},{"start":{"line":59,"column":6},"end":{"line":59,"column":6}}]},"12":{"line":65,"type":"if","locations":[{"start":{"line":65,"column":4},"end":{"line":65,"column":4}},{"start":{"line":65,"column":4},"end":{"line":65,"column":4}}]}},"code":["// __Dependencies__","var mongoose = require('mongoose');","var semver = require('semver');","var Model = require('../Model');","var RestError = require('rest-error');","","// __Module Definition__","var decorator = module.exports = function (model, protect) {","  var controller = this;","","  if (typeof model !== 'string' && (!model || !model.schema)) {","    throw RestError.Misconfigured('You must pass in a model or model name');","  }","","  // __Property Definitions__","  protect.property('comments', false);","  protect.property('explain', false);","  protect.property('hints', false);","  protect.property('select', '');","  protect.property('sort', '');","","  protect.property('versions', '*', function (range) {","    if (semver.validRange(range)) return range;","    throw RestError.Misconfigured('Controller version range \"%s\" was not a valid semver range', range);","  });","","  protect.property('model', undefined, function (m) { // TODO readonly","    if (typeof m === 'string') return mongoose.model(m);","    return m;","  });","","  protect.property(","    'fragment',","    function (value) {","      if (value === undefined) return '/' + controller.model().plural();","      if (value.indexOf('/') !== 0) return '/' + value;","      return value;","    }","  );","","  protect.property('findBy', '_id', function (path) {","    var findByPath = controller.model().schema.path(path);","    if (!findByPath.options.unique && !(findByPath.options.index && findByPath.options.index.unique)) {","      throw RestError.Misconfigured('`findBy` path for model \"%s\" must be unique', controller.model().modelName);","    }","    return path;","  });","","  protect.multiproperty('operators', undefined, false);","  protect.multiproperty('methods', 'head get put post delete', true, function (enabled) {","    return enabled ? true : false;","  });","","  controller.deselected = function (path) {","    var deselected = controller.model().deselected();","    // Add deselected paths from the controller.","    controller.select().split(/\\s+/).forEach(function (path) {","      var match = /^(?:[-]((?:[\\w]|[-])+)\\b)$/.exec(path);","      if (match) deselected.push(match[1]);","    });","    var deduplicated = deselected.filter(function(path, position) {","      return deselected.indexOf(path) === position;","    });","","    if (arguments.length === 0) return deduplicated;","    else return (deduplicated.indexOf(path) !== -1);","  };","","  // Set the controller model.","  controller.model(model);","};",""],"l":{"2":1,"3":1,"4":1,"5":1,"8":1,"9":0,"11":0,"12":0,"16":0,"17":0,"18":0,"19":0,"20":0,"22":0,"23":0,"24":0,"27":0,"28":0,"29":0,"32":0,"35":0,"36":0,"37":0,"41":0,"42":0,"43":0,"44":0,"46":0,"49":0,"50":0,"51":0,"54":0,"55":0,"57":0,"58":0,"59":0,"61":0,"62":0,"65":0,"66":0,"70":0}},"/home/travis/build/npmtest/node-npmtest-baucis/node_modules/baucis/Model.js":{"path":"/home/travis/build/npmtest/node-npmtest-baucis/node_modules/baucis/Model.js","s":{"1":1,"2":1,"3":1,"4":1,"5":0,"6":0,"7":0,"8":0,"9":0,"10":0,"11":0,"12":0,"13":0,"14":0,"15":0,"16":0,"17":0,"18":0,"19":0,"20":1,"21":1,"22":0,"23":0,"24":0,"25":0},"b":{"1":[0,0],"2":[0,0],"3":[0,0]},"f":{"1":0,"2":0,"3":0,"4":0},"fnMap":{"1":{"name":"(anonymous_1)","line":5,"loc":{"start":{"line":5,"column":34},"end":{"line":5,"column":62}}},"2":{"name":"(anonymous_2)","line":13,"loc":{"start":{"line":13,"column":21},"end":{"line":13,"column":37}}},"3":{"name":"(anonymous_3)","line":17,"loc":{"start":{"line":17,"column":26},"end":{"line":17,"column":48}}},"4":{"name":"(anonymous_4)","line":30,"loc":{"start":{"line":30,"column":17},"end":{"line":30,"column":29}}}},"statementMap":{"1":{"start":{"line":1,"column":0},"end":{"line":1,"column":27}},"2":{"start":{"line":2,"column":0},"end":{"line":2,"column":35}},"3":{"start":{"line":3,"column":0},"end":{"line":3,"column":63}},"4":{"start":{"line":5,"column":0},"end":{"line":26,"column":3}},"5":{"start":{"line":6,"column":2},"end":{"line":6,"column":19}},"6":{"start":{"line":8,"column":2},"end":{"line":8,"column":31}},"7":{"start":{"line":9,"column":2},"end":{"line":9,"column":29}},"8":{"start":{"line":10,"column":2},"end":{"line":10,"column":37}},"9":{"start":{"line":11,"column":2},"end":{"line":11,"column":35}},"10":{"start":{"line":13,"column":2},"end":{"line":22,"column":4}},"11":{"start":{"line":14,"column":4},"end":{"line":14,"column":24}},"12":{"start":{"line":17,"column":4},"end":{"line":19,"column":7}},"13":{"start":{"line":18,"column":6},"end":{"line":18,"column":63}},"14":{"start":{"line":18,"column":41},"end":{"line":18,"column":63}},"15":{"start":{"line":20,"column":4},"end":{"line":21,"column":50}},"16":{"start":{"line":20,"column":32},"end":{"line":20,"column":50}},"17":{"start":{"line":21,"column":9},"end":{"line":21,"column":50}},"18":{"start":{"line":24,"column":2},"end":{"line":24,"column":34}},"19":{"start":{"line":25,"column":2},"end":{"line":25,"column":44}},"20":{"start":{"line":29,"column":0},"end":{"line":29,"column":43}},"21":{"start":{"line":30,"column":0},"end":{"line":34,"column":2}},"22":{"start":{"line":31,"column":2},"end":{"line":31,"column":59}},"23":{"start":{"line":32,"column":2},"end":{"line":32,"column":34}},"24":{"start":{"line":32,"column":19},"end":{"line":32,"column":34}},"25":{"start":{"line":33,"column":2},"end":{"line":33,"column":11}}},"branchMap":{"1":{"line":18,"type":"if","locations":[{"start":{"line":18,"column":6},"end":{"line":18,"column":6}},{"start":{"line":18,"column":6},"end":{"line":18,"column":6}}]},"2":{"line":20,"type":"if","locations":[{"start":{"line":20,"column":4},"end":{"line":20,"column":4}},{"start":{"line":20,"column":4},"end":{"line":20,"column":4}}]},"3":{"line":32,"type":"if","locations":[{"start":{"line":32,"column":2},"end":{"line":32,"column":2}},{"start":{"line":32,"column":2},"end":{"line":32,"column":2}}]}},"code":["var deco = require('deco');","var mongoose = require('mongoose');","var pluralize = require('mongoose/lib/utils').toCollectionName;","","var Model = module.exports = deco(function (options, protect) {","  var model = this;","","  protect.property('singular');","  protect.property('plural');","  protect.property('locking', false);","  protect.property('lastModified');","","  model.deselected = function (path) {","    var deselected = [];","    // Store naming, model, and schema.","    // Find deselected paths in the schema.","    model.schema.eachPath(function (name, path) {","      if (path.options.select === false) deselected.push(name);","    });","    if (arguments.length === 0) return deselected;","    else return (deselected.indexOf(path) !== -1);","  };","","  model.singular(model.modelName);","  model.plural(pluralize(model.singular()));","});","","// Wrap the mongoose model function to add this mixin to all registered models.","var originalMongooseModel = mongoose.model;","mongoose.model = function () {","  var m = o
[...]
,{"start":{"line":252,"column":62},"end":{"line":252,"column":63}}]},"25":{"line":277,"type":"if","locations":[{"start":{"line":277,"column":2},"end":{"line":277,"column":2}},{"start":{"line":277,"column":2},"end":{"line":277,"column":2}}]},"26":{"line":282,"type":"if","locations":[{"start":{"line":282,"column":4},"end":{"line":282,"column":4}},{"start":{"line":282,"column":4},"end":{"line":282,"column":4}}]},"27":{"line":299,"type":"cond-expr","locations":[{"start":{"line":299,"column":43},"end":{"line":299,"column":61}},{"start":{"line":300,"column":10},"end":{"line":300,"column":22}}]},"28":{"line":303,"type":"if","locations":[{"start":{"line":303,"column":6},"end":{"line":303,"column":6}},{"start":{"line":303,"column":6},"end":{"line":303,"column":6}}]}},"code":["//filter will reemit the data if cb(err,pass) pass is truthy","","// reduce is more tricky","// maybe we want to group the reductions or emit progress updates occasionally","// the most basic reduce just emits one 'data' event after it has recieved 'end'","","var Stream = require('stream').Stream","  , es = exports","  , through = require('through')","  , from = require('from')","  , duplex = require('duplexer')","  , map = require('map-stream')","  , pause = require('pause-stream')","  , split = require('split')","  , pipeline = require('stream-combiner')","  , immediately = global.setImmediate || process.nextTick;","","es.Stream = Stream //re-export Stream from core","es.through = through","es.from = from","es.duplex = duplex","es.map = map","es.pause = pause","es.split = split","es.pipeline = es.connect = es.pipe = pipeline","// merge / concat","//","// combine multiple streams into a single stream.","// will emit end only once","","es.concat = //actually this should be called concat","es.merge = function (/*streams...*/) {","  var toMerge = [].slice.call(arguments)","  var stream = new Stream()","  stream.setMaxListeners(0) // allow adding more than 11 streams","  var endCount = 0","  stream.writable = stream.readable = true","","  toMerge.forEach(function (e) {","    e.pipe(stream, {end: false})","    var ended = false","    e.on('end', function () {","      if(ended) return","      ended = true","      endCount ++","      if(endCount == toMerge.length)","        stream.emit('end') ","    })","  })","  stream.write = function (data) {","    this.emit('data', data)","  }","  stream.destroy = function () {","    toMerge.forEach(function (e) {","      if(e.destroy) e.destroy()","    })","  }","  return stream","}","","","// writable stream, collects all events into an array ","// and calls back when 'end' occurs","// mainly I'm using this to test the other functions","","es.writeArray = function (done) {","  if ('function' !== typeof done)","    throw new Error('function writeArray (done): done must be function')","","  var a = new Stream ()","    , array = [], isDone = false","  a.write = function (l) {","    array.push(l)","  }","  a.end = function () {","    isDone = true","    done(null, array)","  }","  a.writable = true","  a.readable = false","  a.destroy = function () {","    a.writable = a.readable = false","    if(isDone) return","    done(new Error('destroyed before end'), array)","  }","  return a","}","","//return a Stream that reads the properties of an object","//respecting pause() and resume()","","es.readArray = function (array) {","  var stream = new Stream()","    , i = 0","    , paused = false","    , ended = false"," ","  stream.readable = true  ","  stream.writable = false"," ","  if(!Array.isArray(array))","    throw new Error('event-stream.read expects an array')","  ","  stream.resume = function () {","    if(ended) return","    paused = false","    var l = array.length","    while(i < l && !paused && !ended) {","      stream.emit('data', array[i++])","    }","    if(i == l && !ended)","      ended = true, stream.readable = false, stream.emit('end')","  }","  process.nextTick(stream.resume)","  stream.pause = function () {","     paused = true","  }","  stream.destroy = function () {","    ended = true","    stream.emit('close')","  }","  return stream","}","","//","// readable (asyncFunction)","// return a stream that calls an async function while the stream is not paused.","//","// the function must take: (count, callback) {...","//","","es.readable =","function (func, continueOnError) {","  var stream = new Stream()","    , i = 0","    , paused = false","    , ended = false","    , reading = false","","  stream.readable = true  ","  stream.writable = false"," ","  if('function' !== typeof func)","    throw new Error('event-stream.readable expects async function')","  ","  stream.on('end', function () { ended = true })","  ","  function get (err, data) {","    ","    if(err) {","      stream.emit('error', err)","      if(!continueOnError) stream.emit('end')","    } else if (arguments.length > 1)","      stream.emit('data', data)","","    immediately(function () {","      if(ended || paused || reading) return","      try {","        reading = true","        func.call(stream, i++, function () {","          reading = false","          get.apply(null, arguments)","        })","      } catch (err) {","        stream.emit('error', err)    ","      }","    })","  }","  stream.resume = function () {","    paused = false","    get()","  }","  process.nextTick(get)","  stream.pause = function () {","     paused = true","  }","  stream.destroy = function () {","    stream.emit('end')","    stream.emit('close')","    ended = true","  }","  return stream","}","","","//","// map sync","//","","es.mapSync = function (sync) { ","  return es.through(function write(data) {","    var mappedData = sync(data)","    if (typeof mappedData !== 'undefined')","      this.emit('data', mappedData)","  })","}","","//","// log just print out what is coming through the stream, for debugging","//","","es.log = function (name) {","  return es.through(function (data) {","    var args = [].slice.call(arguments)","    if(name) console.error(name, data)","    else     console.error(data)","    this.emit('data', data)","  })","}","","","//","// child -- pipe through a child process","//","","es.child = function (child) {","","  return es.duplex(child.stdin, child.stdout)","","}","","//","// parse","//","// must be used after es.split() to ensure that each chunk represents a line","// source.pipe(es.split()).pipe(es.parse())","","es.parse = function (options) {","  var emitError = !!(options ? options.error : false)","  return es.through(function (data) {","    var obj","    try {","      if(data) //ignore empty lines","        obj = JSON.parse(data.toString())","    } catch (err) {","      if (emitError)","        return this.emit('error', err)","      return console.error(err, 'attemping to parse:', data)","    }","    //ignore lines that where only whitespace.","    if(obj !== undefined)","      this.emit('data', obj)","  })","}","//","// stringify","//","","es.stringify = function () { ","  var Buffer = require('buffer').Buffer","  return es.mapSync(function (e){ ","    return JSON.stringify(Buffer.isBuffer(e) ? e.toString() : e) + '\\n'","  }) ","}","","//","// replace a string within a stream.","//","// warn: just concatenates the string and then does str.split().join(). ","// probably not optimal.","// for smallish responses, who cares?","// I need this for shadow-npm so it's only relatively small json files.","","es.replace = function (from, to) {","  return es.pipeline(es.split(from), es.join(to))","} ","","//","// join chunks with a joiner. just like Array#join","// also accepts a callback that is passed the chunks appended together","// this is still supported for legacy reasons.","// ","","es.join = function (str) {","  ","  //legacy api","  if('function' === typeof str)","    return es.wait(str)","","  var first = true","  return es.through(function (data) {","    if(!first)","      this.emit('data', str)","    first = false","    this.emit('data', data)","    return true","  })","}","","","//","// wait. callback when 'end' is emitted, with all chunks appended as string.","//","","es.wait = function (callback) {","  var arr = []","  return es.through(function (data) { arr.push(data) },","    function () {","      var body = Buffer.isBuffer(arr[0]) ? Buffer.concat(arr)","        : arr.join('')","      this.emit('data', body)","      this.emit('end')","      if(callback) callback(null, body)","    })","}","","es.pipeable = function () {","  throw new Error('[EVENT-STREAM] es.pipeable is deprecated')","}",""],"l":{"7":1,"18":1,"19":1,"20":1,"21":1,"22":1,"23":1,"24":1,"25":1,"31":1,"33":0,"34":0,"35":0,"36":0,"37":0,"39":0,"40":0,"41":0,"42":0,"43":0,"44":0,"45":0,"46":0,"47":0,"50":0,"51":0,"53":0,"54":0,"55":0,"58":0,"66":1,"67":0,"68":0,"70":0,"72":0,"73":0,"75":0,"76":0,"77":0,"79":0,"80":0,"81":0,"82":0,"83":0,"84":0,"86":0,"92":1,"93":0,"98":0,"99":0,"101":0,"102":0,"104":0,"105":0,"106":0,"107":0,"108":0,"109":0,"111":0,"112":0,"114":0,"115":0,"116":0,"118":0,"119":0,"120":0,"122":0,"132":1,"134":0,"140":0,"141":0,"143":0,"144":0,"146":0,"148":1,"150":0,"151":0,"152":0,"153":0,"154":0,"156":0,"157":0,"158":0,"159":0,"160":0,"161":0,"162":0,"165":0,"169":0,"170":0,"171":0,"173":0,"174":0,"175":0,"177":0,"178":0,"179":0,"180":0,"182":0,"190":1,"191":0,"192":0,"193":0,"194":0,"202":1,"203":0,"204":0,"205":0,"206":0,"207":0,"216":1,"218":0,"228":1,"229":0,"230":0,"231":0,"232":0,"233":0,"234":0,"236":0,"237":0,"238":0,"241":0,"242":0,"249":1,"250":0,"251":0,"252":0,"264":1,"265":0,"274":1,"277":0,"278":0,"280":0,"281":0,"282":0,"283":0,"284":0,"285":0,"286":0,"295":1,"296":0,"297":0,"299":0,"301":0,"302":0,"303":0,"307":1,"308":0}},"/home/travis/build/npmtest/node-npmtest-baucis/node_modules/baucis-links/index.js":{"path":"/home/travis/build/npmtest/node-npmtest-baucis/node_modules/baucis-links/index.js","s":{"1":1,"2":1,"3":1,"4":1},"b":{},"f":{"1":1},"fnMap":{"1":{"name":"(anonymous_1)","line":6,"loc":{"start":{"line":6,"column":33},"end":{"line":6,"column":45}}}},"statementMap":{"1":{"start":{"line":3,"column":0},"end":{"line":3,"column":41}},"2":{"start":{"line":6,"column":0},"end":{"line":9,"column":2}},"3":{"start":{"line":7,"column":2},"end":{"line":7,"column":20}},"4":{"start":{"line":8,"column":2},"end":{"line":8,"column":43}}},"branchMap":{},"code":["'use strict';","","var middleware = require('./middleware');","","// __Module Definition__","var decorator = module.exports = function () {","  var baucis = this;","  baucis.Controller.decorators(middleware);","};",""],"l":{"3":1,"6":1,"7":1,"8":1}},"/home/travis/build/npmtest/node-npmtest-baucis/node_modules/baucis-links/middleware.js":{"path":"/home/travis/build/npmtest/node-npmtest-baucis/node_modules/baucis-links/middleware.js","s":{"1":1,"2":1,"3":1,"4":1,"5":0,"6":0,"7":0,"8":0,"9":0,"10":0,"11":0,"12":0,"13":0,"14":0,"15":0,"16":0,"17":0,"18":0,"19":0,"20":0,"21":0,"22":0,"23":0,"24":0,"25":0,"26":0,"27":0,"28":0,"29":0,"30":0,"31":0,"32":0,"33":0,"34":0,"35":0,"36":0,"37":0,"38":0,"39":0,"40":0,"41":0,"42":0,"43":0,"44":0,"45":0,"46":0,"47":0,"48":0,"49":0},"b":{"1":[0,0],"2":[0,0],"3":[0,0],"4":[0,0],"5":[0,0],"6":[0,0],"7":[0,0],"8":[0,0],"9":[0,0],"10":[0,0]},"f":{"1":0,"2":0,"3":0,"4":0,"5":0,"6":0,"7":0},"fnMap":{"1":{"name":"(anonymous_1)","line":9,"loc":{"start":{"line":9,"column":33},"end":{"line":9,"column":61}}},"2":{"name":"(anonymous_2)","line":15,"loc":{"start":{"line":15,"column":36},"end":{"line":15,"column":71}}},"3":{"name":"(anonymous_3)","line":36,"loc":{"start":{"line":36,"column":38},"end":{"line":36,"column":73}}},"4":{"name":"(anonymous_4)","line":41,"loc":{"start":{"line":41,"column":19},"end":{"line":41,"column":36}}},"5":{"name":"(anonymous_5)","line":48,"loc":{"start":{"line":48,"column":15},"end":{"line":48,"column":27}}},"6":{"name":"(anonymous_6)","line":54,"loc":{"start":{"line":54,"column":56},"end":{"line":54,"column":80}}},"7":{"name":"(anonymous_7)","line":71,"loc":{"start":{"line":71,"column":19},"end":{"line":71,"column":54}}}},"statementMap":{"1":{"start":{"line":4,"column":0},"end":{"line":4,"column":25}},"2":{"start":{"line":5,"column":0},"end":{"line":5,"column":27}},"3":{"start":{"line":6,"column":0},"end":{"line":6,"column":32}},"4":{"start":{"line":9,"column":0},"end":{"line":77,"column":2}},"5":{"start":{"line":10,"column":2},"end":{"line":10,"column":24}},"6":{"start":{"line":12,"column":2},"end":{"line":12,"column":38}},"7":{"start":{"line":15,"column":2},"end":{"line":33,"column":5}},"8":{"start":{"line":16,"column":4},"end":{"line":16,"column":56}},"9":{"start":{"line":16,"column":42},"end":{"line":16,"column":56}},"10":{"start":{"line":18,"column":4},"end":{"line":18,"column":57}},"11":{"start":{"line":19,"column":4},"end":{"line":19,"column":52}},"12":{"start":{"line":20,"column":4},"end":{"line":20,"column":17}},"13":{"start":{"line":22,"column":4},"end":{"line":22,"column":28}},"14":{"start":{"line":23,"column":4},"end":{"line":23,"column":43}},"15":{"start":{"line":25,"column":4},"end":{"line":30,"column":6}},"16":{"start":{"line":32,"column":4},"end":{"line":32,"column":11}},"17":{"start":{"line":36,"column":2},"end":{"line":68,"column":5}},"18":{"start":{"line":37,"column":4},"end":{"line":37,"column":56}},"19":{"start":{"line":37,"column":42},"end":{"line":37,"column":56}},"20":{"start":{"line":39,"column":4},"end":{"line":39,"column":57}},"21":{"start":{"line":41,"column":4},"end":{"line":44,"column":6}},"22":{"start":{"line":42,"column":6},"end":{"line":42,"column":54}},"23":{"start":{"line":43,"column":6},"end":{"line":43,"column":57}},"24":{"start":{"line":46,"column":4},"end":{"line":46,"column":59}},"25":{"start":{"line":48,"column":4},"end":{"line":48,"column":68}},"26":{"start":{"line":48,"column":29},"end":{"line":48,"column":66}},"27":{"start":{"line":51,"column":4},"end":{"line":51,"column":48}},"28":{"start":{"line":51,"column":34},"end":{"line":51,"column":48}},"29":{"start":{"line":52,"column":4},"end":{"line":52,"column":44}},"30":{"start":{"line":52,"column":30},"end":{"line":52,"column":44}},"31":{"start":{"line":54,"column":4},"end":{"line":67,"column":7}},"32":{"start":{"line":55,"column":6},"end":{"line":55,"column":36}},"33":{"start":{"line":55,"column":17},"end":{"line":55,"column":36}},"34":{"start":{"line":57,"column":6},"end":{"line":57,"column":46}},"35":{"start":{"line":58,"column":6},"end":{"line":58,"column":49}},"36":{"start":{"line":60,"column":6},"end":{"line":60,"column":42}},"37":{"start":{"line":61,"column":6},"end":{"line":61,"column":66}},"38":{"start":{"line":63,"column":6},"end":{"line":63,"column":79}},"39":{"start":{"line":63,"column":16},"end":{"line":63,"column":79}},"40":{"start":{"line":64,"column":6},"end":{"line":64,"column":78}},"41":{"start":{"line":64,"column":32},"end":{"line":64,"column":78}},"42":{"start":{"line":66,"column":6},"end":{"line":66,"column":13}},"43":{"start":{"line":71,"column":2},"end":{"line":76,"column":5}},"44":{"start":{"line":72,"column":4},"end":{"line":72,"column":56}},"45":{"start":{"line":72,"column":42},"end":{"line":72,"column":56}},"46":{"start":{"line":73,"column":4},"end":{"line":73,"column":45}},"47":{"start":{"line":73,"column":31},"end":{"line":73,"column":45}},"48":{"start":{"line":74,"column":4},"end":{"line":74,"column":41}},"49":{"start":{"line":75,"column":4},"end":{"line":75,"column":11}}},"branchMap":{"1":{"line":16,"type":"if","locations":[{"start":{"line":16,"column":4},"end":{"line":16,"column":4}},{"start":{"line":16,"column":4},"end":{"line":16,"column":4}}]},"2":{"line":37,"type":"if","locations":[{"start":{"line":37,"column":4},"end":{"line":37,"column":4}},{"start":{"line":37,"column":4},"end":{"line":37,"column":4}}]},"3":{"line":51,"type":"if","locations":[{"start":{"line":51,"column":4},"end":{"line":51,"column":4}},{"start":{"line":51,"column":4},"end":{"line":51,"column":4}}]},"4":{"line":52,"type":"if","locations":[{"start":{"line":52,"column":4},"end":{"line":52,"column":4}},{"start":{"line":52,"column":4},"end":{"line":52,"column":4}}]},"5":{"line":55,"type":"if","locations":[{"start":{"line":55,"column":6},"end":{"line":55,"column":6}},{"start":{"line":55,"column":6},"end":{"line":55,"column":6}}]},"6":{"line":58,"type":"binary-expr","locations":[{"start":{"line":58,"column":24},"end":{"line":58,"column":42}},{"start":{"line":58,"column":46},"end":{"line":58,"column":47}}]},"7":{"line":63,"type":"if","locations":[{"start":{"line":63,"column":6},"end":{"line":63,"column":6}},{"start":{"line":63,"column":6},"end":{"line":63,"column":6}}]},"8":{"line":64,"type":"if","locations":[{"start":{"line":64,"column":6},"end":{"line":64,"column":6}},{"start":{"line":64,"column":6},"end":{"line":64,"column":6}}]},"9":{"line":72,"type":"if","locations":[{"start":{"line":72,"column":4},"end":{"line":72,"column":4}},{"start":{"line":72,"column":4},"end":{"line":72,"column":4}}]},"10":{"line":73,"type":"if","locations":[{"start":{"line":73,"column":4},"end":{"line":73,"column":4}},{"start":{"line":73,"column":4},"end":{"line":73,"column":4}}]}},"code":["'use strict';","","// __Dependencies__","var url = require('url');","var deco = require('deco');","var qs = require('querystring');","","// __Module Definition__","var decorator = module.exports = function (options, protect) {","  var controller = this;","","  protect.property('relations', true);","","  // Calculate basic links for instance routes.","  controller.query('instance', '*', function (request, response, next) {","    if (controller.relations() === false) return next();","","    var originalPath = request.originalUrl.split('?')[0];","    var originalPathParts = originalPath.split('/');","    var linkBase;","","    originalPathParts.pop();","    linkBase = originalPathParts.join('/');","","    request.baucis.links = {","      collection: linkBase,","      search: linkBase,","      edit: linkBase + '/' + request.params.id,","      self: originalPath","    };","","    next();","  });","","  // Calculate basic links for collection routes.","  controller.query('collection', '*', function (request, response, next) {","    if (controller.relations() === false) return next();","","    var originalPath = request.originalUrl.split('?')[0];","    // Used to create a link from current URL with new query string.","    var makeLink = function (query) {","      var newQuery = deco.merge(request.query, query);","      return originalPath + '?' + qs.stringify(newQuery);","    };","    // Response Link header links.","    var links = { search: originalPath, self: makeLink() };","    // Call this function to set response links then move on to next middleware.","    var done = function () { request.baucis.links = links, next() };","","    // Add paging links unless these conditions are met.","    if (request.method !== 'GET') return done();","    if (!request.query.limit) return done();","","    controller.model().count(request.baucis.conditions, function (error, count) {","      if (error) return next(error);","","      var limit = Number(request.query.limit);","      var skip = Number(request.query.skip || 0);","","      links.first = makeLink({ skip: 0 });","      links.last = makeLink({ skip: Math.max(0, count - limit) });","","      if (skip) links.previous = makeLink({ skip: Math.max(0, skip - limit) });","      if (limit + skip < count) links.next = makeLink({ skip: limit + skip });","","      done();","    });","  });","","  // Add \"Link\" header field based on previously set links.","  controller.query(function (request, response, next) {","    if (controller.relations() === false) return next();","    if (!request.baucis.links) return next();","    response.links(request.baucis.links);","    next();","  });","};",""],"l":{"4":1,"5":1,"6":1,"9":1,"10":0,"12":0,"15":0,"16":0,"18":0,"19":0,"20":0,"22":0,"23":0,"25":0,"32":0,"36":0,"37":0,"39":0,"41":0,"42":0,"43":0,"46":0,"48":0,"51":0,"52":0,"54":0,"55":0,"57":0,"58":0,"60":0,"61":0,"63":0,"64":0,"66":0,"71":0,"72":0,"73":0,"74":0,"75":0}}}